#
# There is insufficient memory for the Java Runtime Environment to continue.
# Native memory allocation (malloc) failed to allocate 680080 bytes. Error detail: Chunk::new
# Possible reasons:
#   The system is out of physical RAM or swap space
#   This process is running with CompressedOops enabled, and the Java Heap may be blocking the growth of the native heap
# Possible solutions:
#   Reduce memory load on the system
#   Increase physical memory or swap space
#   Check if swap backing store is full
#   Decrease Java heap size (-Xmx/-Xms)
#   Decrease number of Java threads
#   Decrease Java thread stack sizes (-Xss)
#   Set larger code cache with -XX:ReservedCodeCacheSize=
#   JVM is running with Unscaled Compressed Oops mode in which the Java heap is
#     placed in the first 4GB address space. The Java Heap base address is the
#     maximum limit for the native heap growth. Please use -XX:HeapBaseMinAddress
#     to set the Java Heap base and to place the Java Heap above 4GB virtual address.
# This output file may be truncated or incomplete.
#
#  Out of Memory Error (arena.cpp:168), pid=12388, tid=23956
#
# JRE version: OpenJDK Runtime Environment Temurin-21.0.10+7 (21.0.10+7) (build 21.0.10+7-LTS)
# Java VM: OpenJDK 64-Bit Server VM Temurin-21.0.10+7 (21.0.10+7-LTS, mixed mode, sharing, tiered, compressed oops, compressed class ptrs, parallel gc, windows-amd64)
# No core dump will be written. Minidumps are not enabled by default on client versions of Windows
#

---------------  S U M M A R Y ------------

Command Line: --add-modules=ALL-SYSTEM --add-opens=java.base/java.util=ALL-UNNAMED --add-opens=java.base/java.lang=ALL-UNNAMED --add-opens=java.base/sun.nio.fs=ALL-UNNAMED -Declipse.application=org.eclipse.jdt.ls.core.id1 -Dosgi.bundles.defaultStartLevel=4 -Declipse.product=org.eclipse.jdt.ls.core.product -Djava.import.generatesMetadataFilesAtProjectRoot=false -DDetectVMInstallationsJob.disabled=true -Dfile.encoding=utf8 -XX:+UseParallelGC -XX:GCTimeRatio=4 -XX:AdaptiveSizePolicyWeight=90 -Dsun.zip.disableMemoryMapping=true -Xmx2G -Xms100m -Xlog:disable -javaagent:c:\Users\Lenovo\.vscode\extensions\redhat.java-1.53.0-win32-x64\lombok\lombok-1.18.39-4050.jar -XX:+HeapDumpOnOutOfMemoryError -XX:HeapDumpPath=c:\Users\Lenovo\AppData\Roaming\Code\User\workspaceStorage\bc6eb85e13de13a72f0cc5b9c9a44b84\redhat.java -Daether.dependencyCollector.impl=bf c:\Users\Lenovo\.vscode\extensions\redhat.java-1.53.0-win32-x64\server\plugins\org.eclipse.equinox.launcher_1.7.100.v20251111-0406.jar -configuration c:\Users\Lenovo\AppData\Roaming\Code\User\globalStorage\redhat.java\1.53.0\config_win -data c:\Users\Lenovo\AppData\Roaming\Code\User\workspaceStorage\bc6eb85e13de13a72f0cc5b9c9a44b84\redhat.java\jdt_ws --pipe=\\.\pipe\lsp-9caec7def70d14b9516fed7c7bff4aa4-sock

Host: 11th Gen Intel(R) Core(TM) i5-1135G7 @ 2.40GHz, 8 cores, 7G,  Windows 11 , 64 bit Build 26100 (10.0.26100.8115)
Time: Fri Apr  3 23:41:13 2026 Bangladesh Standard Time elapsed time: 675.789782 seconds (0d 0h 11m 15s)

---------------  T H R E A D  ---------------

Current thread (0x0000019fd22e1080):  JavaThread "C2 CompilerThread0" daemon [_thread_in_native, id=23956, stack(0x0000003039600000,0x0000003039700000) (1024K)]


Current CompileTask:
C2:675789 13556       4       org.eclipse.jdt.internal.compiler.classfmt.MethodInfo::getArgumentNames (16 bytes)

Stack: [0x0000003039600000,0x0000003039700000]
Native frames: (J=compiled Java code, j=interpreted, Vv=VM code, C=native code)
V  [jvm.dll+0x6d7a39]
V  [jvm.dll+0x8b4b26]
V  [jvm.dll+0x8b70de]
V  [jvm.dll+0x8b77c3]
V  [jvm.dll+0x284346]
V  [jvm.dll+0xc66ed]
V  [jvm.dll+0xc6c31]
V  [jvm.dll+0x3bec3b]
V  [jvm.dll+0x38b162]
V  [jvm.dll+0x38a5aa]
V  [jvm.dll+0x24c560]
V  [jvm.dll+0x24bb40]
V  [jvm.dll+0x1cb34e]
V  [jvm.dll+0x25b85d]
V  [jvm.dll+0x259dea]
V  [jvm.dll+0x3f857e]
V  [jvm.dll+0x85f59d]
V  [jvm.dll+0x6d626d]
C  [ucrtbase.dll+0x37b0]
C  [KERNEL32.DLL+0x2e8d7]
C  [ntdll.dll+0x8c3fc]


---------------  P R O C E S S  ---------------

Threads class SMR info:
_java_thread_list=0x000001a01dd80290, length=37, elements={
0x0000019fb94bab50, 0x0000019fbb91a210, 0x0000019fbb91d5a0, 0x0000019fd22d4b40,
0x0000019fd22d67b0, 0x0000019fd22d94a0, 0x0000019fd22dacc0, 0x0000019fd22e1080,
0x0000019fd22f02d0, 0x000001a014d75ca0, 0x000001a014e30c50, 0x000001a0195553b0,
0x000001a0196d5750, 0x000001a019838540, 0x000001a0196edd10, 0x000001a019dbfc50,
0x000001a019e0fed0, 0x000001a01a0448c0, 0x000001a019f97ef0, 0x000001a019f98580,
0x000001a019f96b40, 0x000001a019f97860, 0x000001a019f964b0, 0x000001a019f98c10,
0x000001a01905dd00, 0x000001a01905bc30, 0x000001a01905c2c0, 0x000001a01905cfe0,
0x000001a01905b5a0, 0x000001a01905c950, 0x000001a01905d670, 0x000001a01905e390,
0x000001a01905af10, 0x000001a019061810, 0x000001a01a6116c0, 0x000001a01c8d0bc0,
0x000001a01c8ce2e0
}

Java Threads: ( => current thread )
  0x0000019fb94bab50 JavaThread "main"                              [_thread_blocked, id=18388, stack(0x0000003038c00000,0x0000003038d00000) (1024K)]
  0x0000019fbb91a210 JavaThread "Reference Handler"          daemon [_thread_blocked, id=4696, stack(0x0000003039000000,0x0000003039100000) (1024K)]
  0x0000019fbb91d5a0 JavaThread "Finalizer"                  daemon [_thread_blocked, id=8764, stack(0x0000003039100000,0x0000003039200000) (1024K)]
  0x0000019fd22d4b40 JavaThread "Signal Dispatcher"          daemon [_thread_blocked, id=23216, stack(0x0000003039200000,0x0000003039300000) (1024K)]
  0x0000019fd22d67b0 JavaThread "Attach Listener"            daemon [_thread_blocked, id=19984, stack(0x0000003039300000,0x0000003039400000) (1024K)]
  0x0000019fd22d94a0 JavaThread "Service Thread"             daemon [_thread_blocked, id=23708, stack(0x0000003039400000,0x0000003039500000) (1024K)]
  0x0000019fd22dacc0 JavaThread "Monitor Deflation Thread"   daemon [_thread_blocked, id=1088, stack(0x0000003039500000,0x0000003039600000) (1024K)]
=>0x0000019fd22e1080 JavaThread "C2 CompilerThread0"         daemon [_thread_in_native, id=23956, stack(0x0000003039600000,0x0000003039700000) (1024K)]
  0x0000019fd22f02d0 JavaThread "C1 CompilerThread0"         daemon [_thread_blocked, id=22680, stack(0x0000003039700000,0x0000003039800000) (1024K)]
  0x000001a014d75ca0 JavaThread "Common-Cleaner"             daemon [_thread_blocked, id=16048, stack(0x0000003039800000,0x0000003039900000) (1024K)]
  0x000001a014e30c50 JavaThread "Notification Thread"        daemon [_thread_blocked, id=26708, stack(0x0000003039900000,0x0000003039a00000) (1024K)]
  0x000001a0195553b0 JavaThread "Active Thread: Equinox Container: e299798c-5d53-4a71-a592-0f83f3f1cb08"        [_thread_blocked, id=25400, stack(0x0000003039a00000,0x0000003039b00000) (1024K)]
  0x000001a0196d5750 JavaThread "Refresh Thread: Equinox Container: e299798c-5d53-4a71-a592-0f83f3f1cb08" daemon [_thread_blocked, id=20772, stack(0x000000303a200000,0x000000303a300000) (1024K)]
  0x000001a019838540 JavaThread "Framework Event Dispatcher: Equinox Container: e299798c-5d53-4a71-a592-0f83f3f1cb08" daemon [_thread_blocked, id=5628, stack(0x000000303a300000,0x000000303a400000) (1024K)]
  0x000001a0196edd10 JavaThread "Start Level: Equinox Container: e299798c-5d53-4a71-a592-0f83f3f1cb08" daemon [_thread_blocked, id=3784, stack(0x000000303a400000,0x000000303a500000) (1024K)]
  0x000001a019dbfc50 JavaThread "Bundle File Closer"         daemon [_thread_blocked, id=10204, stack(0x000000303a600000,0x000000303a700000) (1024K)]
  0x000001a019e0fed0 JavaThread "SCR Component Actor"        daemon [_thread_blocked, id=8624, stack(0x000000303a500000,0x000000303a600000) (1024K)]
  0x000001a01a0448c0 JavaThread "Worker-JM"                         [_thread_blocked, id=27128, stack(0x000000303a800000,0x000000303a900000) (1024K)]
  0x000001a019f97ef0 JavaThread "JNA Cleaner"                daemon [_thread_blocked, id=8416, stack(0x000000303a700000,0x000000303a800000) (1024K)]
  0x000001a019f98580 JavaThread "Worker-1"                          [_thread_blocked, id=24168, stack(0x000000303aa00000,0x000000303ab00000) (1024K)]
  0x000001a019f96b40 JavaThread "Worker-2: Publish Diagnostics"        [_thread_in_Java, id=25984, stack(0x000000303ab00000,0x000000303ac00000) (1024K)]
  0x000001a019f97860 JavaThread "Java indexing"              daemon [_thread_blocked, id=25224, stack(0x000000303ad00000,0x000000303ae00000) (1024K)]
  0x000001a019f964b0 JavaThread "Thread-1"                   daemon [_thread_in_native, id=8316, stack(0x000000303b100000,0x000000303b200000) (1024K)]
  0x000001a019f98c10 JavaThread "Thread-2"                   daemon [_thread_in_native, id=18344, stack(0x000000303b200000,0x000000303b300000) (1024K)]
  0x000001a01905dd00 JavaThread "Thread-3"                   daemon [_thread_in_native, id=20368, stack(0x000000303b300000,0x000000303b400000) (1024K)]
  0x000001a01905bc30 JavaThread "Thread-4"                   daemon [_thread_in_native, id=23928, stack(0x000000303b400000,0x000000303b500000) (1024K)]
  0x000001a01905c2c0 JavaThread "Thread-5"                   daemon [_thread_in_native, id=12904, stack(0x000000303b500000,0x000000303b600000) (1024K)]
  0x000001a01905cfe0 JavaThread "Thread-6"                   daemon [_thread_in_native, id=7580, stack(0x000000303b600000,0x000000303b700000) (1024K)]
  0x000001a01905b5a0 JavaThread "Thread-7"                   daemon [_thread_in_native, id=3384, stack(0x000000303b700000,0x000000303b800000) (1024K)]
  0x000001a01905c950 JavaThread "Thread-8"                   daemon [_thread_in_native, id=8180, stack(0x000000303b800000,0x000000303b900000) (1024K)]
  0x000001a01905d670 JavaThread "Thread-9"                   daemon [_thread_in_native, id=22336, stack(0x000000303b900000,0x000000303ba00000) (1024K)]
  0x000001a01905e390 JavaThread "pool-2-thread-1"                   [_thread_blocked, id=27384, stack(0x000000303ba00000,0x000000303bb00000) (1024K)]
  0x000001a01905af10 JavaThread "WorkspaceEventsHandler"            [_thread_blocked, id=2372, stack(0x000000303bb00000,0x000000303bc00000) (1024K)]
  0x000001a019061810 JavaThread "pool-1-thread-1"                   [_thread_blocked, id=26792, stack(0x000000303bc00000,0x000000303bd00000) (1024K)]
  0x000001a01a6116c0 JavaThread "ForkJoinPool.commonPool-worker-9" daemon [_thread_blocked, id=24376, stack(0x0000003038b00000,0x0000003038c00000) (1024K)]
  0x000001a01c8d0bc0 JavaThread "C2 CompilerThread1"         daemon [_thread_in_native, id=17844, stack(0x0000003038a00000,0x0000003038b00000) (1024K)]
  0x000001a01c8ce2e0 JavaThread "C2 CompilerThread2"         daemon [_thread_in_native, id=10896, stack(0x000000303a900000,0x000000303aa00000) (1024K)]
Total: 37

Other Threads:
  0x0000019fbb8feb00 VMThread "VM Thread"                           [id=10104, stack(0x0000003038f00000,0x0000003039000000) (1024K)]
  0x0000019fbb8c8290 WatcherThread "VM Periodic Task Thread"        [id=20244, stack(0x0000003038e00000,0x0000003038f00000) (1024K)]
  0x0000019fbb87cd80 WorkerThread "GC Thread#0"                     [id=15964, stack(0x0000003038d00000,0x0000003038e00000) (1024K)]
  0x000001a0197d60b0 WorkerThread "GC Thread#1"                     [id=7560, stack(0x0000003039b00000,0x0000003039c00000) (1024K)]
  0x000001a0197acfc0 WorkerThread "GC Thread#2"                     [id=2444, stack(0x0000003039c00000,0x0000003039d00000) (1024K)]
  0x000001a019303f20 WorkerThread "GC Thread#3"                     [id=16300, stack(0x0000003039d00000,0x0000003039e00000) (1024K)]
  0x000001a0193042d0 WorkerThread "GC Thread#4"                     [id=26204, stack(0x0000003039e00000,0x0000003039f00000) (1024K)]
  0x000001a0196b1b50 WorkerThread "GC Thread#5"                     [id=22948, stack(0x0000003039f00000,0x000000303a000000) (1024K)]
  0x000001a0196b1f00 WorkerThread "GC Thread#6"                     [id=15484, stack(0x000000303a000000,0x000000303a100000) (1024K)]
  0x000001a019a28130 WorkerThread "GC Thread#7"                     [id=21328, stack(0x000000303a100000,0x000000303a200000) (1024K)]
Total: 10

Threads with active compile tasks:
C2 CompilerThread0  678864 13556       4       org.eclipse.jdt.internal.compiler.classfmt.MethodInfo::getArgumentNames (16 bytes)
C1 CompilerThread0  678864 13598       2       org.eclipse.jdt.internal.core.JavaModelCache::getInfo (156 bytes)
C2 CompilerThread1  678864 13562       4       org.eclipse.jdt.internal.compiler.lookup.TypeSystem$HashedParameterizedTypes::get (249 bytes)
C2 CompilerThread2  678864 13589       4       org.eclipse.jdt.internal.compiler.lookup.LookupEnvironment::getTypeFromTypeSignature (770 bytes)
Total: 4

VM state: not at safepoint (normal execution)

VM Mutex/Monitor currently owned by a thread: None

Heap address: 0x0000000080000000, size: 2048 MB, Compressed Oops mode: 32-bit

CDS archive(s) mapped at: [0x0000019fd3000000-0x0000019fd3ba0000-0x0000019fd3ba0000), size 12189696, SharedBaseAddress: 0x0000019fd3000000, ArchiveRelocationMode: 1.
Compressed class space mapped at: 0x0000019fd4000000-0x000001a014000000, reserved size: 1073741824
Narrow klass base: 0x0000019fd3000000, Narrow klass shift: 0, Narrow klass range: 0x100000000

GC Precious Log:
 CardTable entry size: 512
 CPUs: 8 total, 8 available
 Memory: 7975M
 Large Page Support: Disabled
 NUMA Support: Disabled
 Compressed Oops: Enabled (32-bit)
 Alignments: Space 512K, Generation 512K, Heap 2M
 Heap Min Capacity: 100M
 Heap Initial Capacity: 100M
 Heap Max Capacity: 2G
 Pre-touch: Disabled
 Parallel Workers: 8

Heap:
 PSYoungGen      total 35328K, used 31820K [0x00000000d5580000, 0x00000000d8b80000, 0x0000000100000000)
  eden space 20480K, 84% used [0x00000000d5580000,0x00000000d6673268,0x00000000d6980000)
  from space 14848K, 97% used [0x00000000d7d00000,0x00000000d8b20000,0x00000000d8b80000)
  to   space 15360K, 0% used [0x00000000d6d80000,0x00000000d6d80000,0x00000000d7c80000)
 ParOldGen       total 139776K, used 139320K [0x0000000080000000, 0x0000000088880000, 0x00000000d5580000)
  object space 139776K, 99% used [0x0000000080000000,0x000000008880e190,0x0000000088880000)
 Metaspace       used 67994K, committed 69568K, reserved 1114112K
  class space    used 7111K, committed 7808K, reserved 1048576K

Card table byte_map: [0x0000019fbb200000,0x0000019fbb610000] _byte_map_base: 0x0000019fbae00000

Marking Bits: (ParMarkBitMap*) 0x00007fffcc9c3450
 Begin Bits: [0x0000019fcdd10000, 0x0000019fcfd10000)
 End Bits:   [0x0000019fcfd10000, 0x0000019fd1d10000)

Polling page: 0x0000019fb9710000

Metaspace:

Usage:
  Non-class:     59.46 MB used.
      Class:      6.94 MB used.
       Both:     66.40 MB used.

Virtual space:
  Non-class space:       64.00 MB reserved,      60.31 MB ( 94%) committed,  1 nodes.
      Class space:        1.00 GB reserved,       7.62 MB ( <1%) committed,  1 nodes.
             Both:        1.06 GB reserved,      67.94 MB (  6%) committed. 

Chunk freelists:
   Non-Class:  3.42 MB
       Class:  8.25 MB
        Both:  11.67 MB

MaxMetaspaceSize: unlimited
CompressedClassSpaceSize: 1.00 GB
Initial GC threshold: 21.00 MB
Current GC threshold: 97.31 MB
CDS: on
 - commit_granule_bytes: 65536.
 - commit_granule_words: 8192.
 - virtual_space_node_default_size: 8388608.
 - enlarge_chunks_in_place: 1.
 - use_allocation_guard: 0.


Internal statistics:

num_allocs_failed_limit: 9.
num_arena_births: 1330.
num_arena_deaths: 22.
num_vsnodes_births: 2.
num_vsnodes_deaths: 0.
num_space_committed: 1087.
num_space_uncommitted: 0.
num_chunks_returned_to_freelist: 35.
num_chunks_taken_from_freelist: 4533.
num_chunk_merges: 20.
num_chunk_splits: 2822.
num_chunks_enlarged: 1626.
num_inconsistent_stats: 0.

CodeHeap 'non-profiled nmethods': size=120000Kb used=8683Kb max_used=8683Kb free=111316Kb
 bounds [0x0000019fc6530000, 0x0000019fc6db0000, 0x0000019fcda60000]
CodeHeap 'profiled nmethods': size=120000Kb used=30183Kb max_used=30183Kb free=89816Kb
 bounds [0x0000019fbea60000, 0x0000019fc07e0000, 0x0000019fc5f90000]
CodeHeap 'non-nmethods': size=5760Kb used=1438Kb max_used=1542Kb free=4321Kb
 bounds [0x0000019fc5f90000, 0x0000019fc6200000, 0x0000019fc6530000]
CodeCache: size=245760Kb, used=40304Kb, max_used=40408Kb, free=205453Kb
 total_blobs=13545, nmethods=12802, adapters=647, full_count=0
Compilation: enabled, stopped_count=0, restarted_count=0

Compilation events (20 events):
Event: 673.742 Thread 0x000001a01c8ce2e0 13569   !   4       org.eclipse.jdt.internal.compiler.lookup.BinaryTypeBinding$ExternalAnnotationStatus::$SWITCH_TABLE$org$eclipse$jdt$internal$compiler$lookup$BinaryTypeBinding$ExternalAnnotationStatus (74 bytes)
Event: 673.742 Thread 0x0000019fd22f02d0 nmethod 13570 0x0000019fc07bc510 code [0x0000019fc07bc720, 0x0000019fc07bcb50]
Event: 673.742 Thread 0x000001a01c8ce2e0 nmethod 13569 0x0000019fc6da6190 code [0x0000019fc6da6320, 0x0000019fc6da63b8]
Event: 673.742 Thread 0x000001a01c8ce2e0 13566       4       org.eclipse.jdt.internal.compiler.lookup.LookupEnvironment::getTypeFromConstantPoolName (111 bytes)
Event: 673.744 Thread 0x0000019fd22f02d0 13571       3       org.eclipse.jdt.internal.compiler.lookup.BinaryTypeBinding::createMethod (1666 bytes)
Event: 673.753 Thread 0x0000019fd22f02d0 nmethod 13571 0x0000019fc07bcd90 code [0x0000019fc07bd720, 0x0000019fc07c4e48]
Event: 673.753 Thread 0x0000019fd22f02d0 13572       3       org.eclipse.jdt.internal.compiler.classfmt.ClassFileReader::decodeAnnotations (252 bytes)
Event: 673.755 Thread 0x0000019fd22f02d0 nmethod 13572 0x0000019fc07c8110 code [0x0000019fc07c8360, 0x0000019fc07c9290]
Event: 673.755 Thread 0x0000019fd22f02d0 13573       3       org.eclipse.jdt.internal.core.PackageFragment::exists (25 bytes)
Event: 673.755 Thread 0x0000019fd22f02d0 nmethod 13573 0x0000019fc07c9690 code [0x0000019fc07c9860, 0x0000019fc07c9ac0]
Event: 673.755 Thread 0x0000019fd22f02d0 13574       3       org.eclipse.jdt.internal.compiler.classfmt.ClassFileReader::isLocal (42 bytes)
Event: 673.755 Thread 0x0000019fd22f02d0 nmethod 13574 0x0000019fc07c9b90 code [0x0000019fc07c9d80, 0x0000019fc07ca080]
Event: 673.755 Thread 0x0000019fd22f02d0 13575       3       org.eclipse.jdt.internal.compiler.classfmt.ClassFileReader::isMember (42 bytes)
Event: 673.756 Thread 0x0000019fd22f02d0 nmethod 13575 0x0000019fc07ca190 code [0x0000019fc07ca380, 0x0000019fc07ca670]
Event: 673.756 Thread 0x0000019fd22f02d0 13577       3       org.eclipse.jdt.internal.core.NameLookup::trim (31 bytes)
Event: 673.756 Thread 0x0000019fd22f02d0 nmethod 13577 0x0000019fc07ca790 code [0x0000019fc07ca980, 0x0000019fc07caf78]
Event: 673.756 Thread 0x0000019fd22f02d0 13576   !   3       org.eclipse.jdt.internal.core.NameLookup::isPackage (208 bytes)
Event: 673.758 Thread 0x0000019fd22f02d0 nmethod 13576 0x0000019fc07cb190 code [0x0000019fc07cb480, 0x0000019fc07cc5e0]
Event: 673.758 Thread 0x0000019fd22f02d0 13578       3       java.util.ImmutableCollections$MapN::containsKey (26 bytes)
Event: 673.758 Thread 0x0000019fd22f02d0 nmethod 13578 0x0000019fc07ccc10 code [0x0000019fc07ccde0, 0x0000019fc07cd108]

GC Heap History (20 events):
Event: 416.251 GC heap before
{Heap before GC invocations=72 (full 3):
 PSYoungGen      total 20992K, used 20968K [0x00000000d5580000, 0x00000000d7100000, 0x0000000100000000)
  eden space 20480K, 100% used [0x00000000d5580000,0x00000000d6980000,0x00000000d6980000)
  from space 512K, 95% used [0x00000000d7080000,0x00000000d70fa260,0x00000000d7100000)
  to   space 3072K, 0% used [0x00000000d6b00000,0x00000000d6b00000,0x00000000d6e00000)
 ParOldGen       total 74752K, used 74728K [0x0000000080000000, 0x0000000084900000, 0x00000000d5580000)
  object space 74752K, 99% used [0x0000000080000000,0x00000000848fa360,0x0000000084900000)
 Metaspace       used 66775K, committed 68352K, reserved 1114112K
  class space    used 6982K, committed 7680K, reserved 1048576K
}
Event: 416.253 GC heap after
{Heap after GC invocations=72 (full 3):
 PSYoungGen      total 23552K, used 512K [0x00000000d5580000, 0x00000000d7100000, 0x0000000100000000)
  eden space 20480K, 0% used [0x00000000d5580000,0x00000000d5580000,0x00000000d6980000)
  from space 3072K, 16% used [0x00000000d6b00000,0x00000000d6b80000,0x00000000d6e00000)
  to   space 1536K, 0% used [0x00000000d6f80000,0x00000000d6f80000,0x00000000d7100000)
 ParOldGen       total 75264K, used 75256K [0x0000000080000000, 0x0000000084980000, 0x00000000d5580000)
  object space 75264K, 99% used [0x0000000080000000,0x000000008497e090,0x0000000084980000)
 Metaspace       used 66775K, committed 68352K, reserved 1114112K
  class space    used 6982K, committed 7680K, reserved 1048576K
}
Event: 416.335 GC heap before
{Heap before GC invocations=73 (full 3):
 PSYoungGen      total 23552K, used 20992K [0x00000000d5580000, 0x00000000d7100000, 0x0000000100000000)
  eden space 20480K, 100% used [0x00000000d5580000,0x00000000d6980000,0x00000000d6980000)
  from space 3072K, 16% used [0x00000000d6b00000,0x00000000d6b80000,0x00000000d6e00000)
  to   space 1536K, 0% used [0x00000000d6f80000,0x00000000d6f80000,0x00000000d7100000)
 ParOldGen       total 75264K, used 75256K [0x0000000080000000, 0x0000000084980000, 0x00000000d5580000)
  object space 75264K, 99% used [0x0000000080000000,0x000000008497e090,0x0000000084980000)
 Metaspace       used 66776K, committed 68352K, reserved 1114112K
  class space    used 6982K, committed 7680K, reserved 1048576K
}
Event: 416.338 GC heap after
{Heap after GC invocations=73 (full 3):
 PSYoungGen      total 22016K, used 1526K [0x00000000d5580000, 0x00000000d7100000, 0x0000000100000000)
  eden space 20480K, 0% used [0x00000000d5580000,0x00000000d5580000,0x00000000d6980000)
  from space 1536K, 99% used [0x00000000d6f80000,0x00000000d70fdab8,0x00000000d7100000)
  to   space 3072K, 0% used [0x00000000d6b00000,0x00000000d6b00000,0x00000000d6e00000)
 ParOldGen       total 76288K, used 76091K [0x0000000080000000, 0x0000000084a80000, 0x00000000d5580000)
  object space 76288K, 99% used [0x0000000080000000,0x0000000084a4ec08,0x0000000084a80000)
 Metaspace       used 66776K, committed 68352K, reserved 1114112K
  class space    used 6982K, committed 7680K, reserved 1048576K
}
Event: 416.413 GC heap before
{Heap before GC invocations=74 (full 3):
 PSYoungGen      total 22016K, used 22006K [0x00000000d5580000, 0x00000000d7100000, 0x0000000100000000)
  eden space 20480K, 100% used [0x00000000d5580000,0x00000000d6980000,0x00000000d6980000)
  from space 1536K, 99% used [0x00000000d6f80000,0x00000000d70fdab8,0x00000000d7100000)
  to   space 3072K, 0% used [0x00000000d6b00000,0x00000000d6b00000,0x00000000d6e00000)
 ParOldGen       total 76288K, used 76091K [0x0000000080000000, 0x0000000084a80000, 0x00000000d5580000)
  object space 76288K, 99% used [0x0000000080000000,0x0000000084a4ec08,0x0000000084a80000)
 Metaspace       used 66776K, committed 68352K, reserved 1114112K
  class space    used 6982K, committed 7680K, reserved 1048576K
}
Event: 416.420 GC heap after
{Heap after GC invocations=74 (full 3):
 PSYoungGen      total 23552K, used 957K [0x00000000d5580000, 0x00000000d7000000, 0x0000000100000000)
  eden space 20480K, 0% used [0x00000000d5580000,0x00000000d5580000,0x00000000d6980000)
  from space 3072K, 31% used [0x00000000d6b00000,0x00000000d6bef6c0,0x00000000d6e00000)
  to   space 1536K, 0% used [0x00000000d6e80000,0x00000000d6e80000,0x00000000d7000000)
 ParOldGen       total 77824K, used 77611K [0x0000000080000000, 0x0000000084c00000, 0x00000000d5580000)
  object space 77824K, 99% used [0x0000000080000000,0x0000000084bcad38,0x0000000084c00000)
 Metaspace       used 66776K, committed 68352K, reserved 1114112K
  class space    used 6982K, committed 7680K, reserved 1048576K
}
Event: 416.491 GC heap before
{Heap before GC invocations=75 (full 3):
 PSYoungGen      total 23552K, used 21437K [0x00000000d5580000, 0x00000000d7000000, 0x0000000100000000)
  eden space 20480K, 100% used [0x00000000d5580000,0x00000000d6980000,0x00000000d6980000)
  from space 3072K, 31% used [0x00000000d6b00000,0x00000000d6bef6c0,0x00000000d6e00000)
  to   space 1536K, 0% used [0x00000000d6e80000,0x00000000d6e80000,0x00000000d7000000)
 ParOldGen       total 77824K, used 77611K [0x0000000080000000, 0x0000000084c00000, 0x00000000d5580000)
  object space 77824K, 99% used [0x0000000080000000,0x0000000084bcad38,0x0000000084c00000)
 Metaspace       used 66779K, committed 68352K, reserved 1114112K
  class space    used 6982K, committed 7680K, reserved 1048576K
}
Event: 416.493 GC heap after
{Heap after GC invocations=75 (full 3):
 PSYoungGen      total 22016K, used 1531K [0x00000000d5580000, 0x00000000d7000000, 0x0000000100000000)
  eden space 20480K, 0% used [0x00000000d5580000,0x00000000d5580000,0x00000000d6980000)
  from space 1536K, 99% used [0x00000000d6e80000,0x00000000d6ffef70,0x00000000d7000000)
  to   space 3072K, 0% used [0x00000000d6a00000,0x00000000d6a00000,0x00000000d6d00000)
 ParOldGen       total 78848K, used 78702K [0x0000000080000000, 0x0000000084d00000, 0x00000000d5580000)
  object space 78848K, 99% used [0x0000000080000000,0x0000000084cdb960,0x0000000084d00000)
 Metaspace       used 66779K, committed 68352K, reserved 1114112K
  class space    used 6982K, committed 7680K, reserved 1048576K
}
Event: 416.581 GC heap before
{Heap before GC invocations=76 (full 3):
 PSYoungGen      total 22016K, used 22011K [0x00000000d5580000, 0x00000000d7000000, 0x0000000100000000)
  eden space 20480K, 100% used [0x00000000d5580000,0x00000000d6980000,0x00000000d6980000)
  from space 1536K, 99% used [0x00000000d6e80000,0x00000000d6ffef70,0x00000000d7000000)
  to   space 3072K, 0% used [0x00000000d6a00000,0x00000000d6a00000,0x00000000d6d00000)
 ParOldGen       total 78848K, used 78702K [0x0000000080000000, 0x0000000084d00000, 0x00000000d5580000)
  object space 78848K, 99% used [0x0000000080000000,0x0000000084cdb960,0x0000000084d00000)
 Metaspace       used 66785K, committed 68352K, reserved 1114112K
  class space    used 6982K, committed 7680K, reserved 1048576K
}
Event: 416.587 GC heap after
{Heap after GC invocations=76 (full 3):
 PSYoungGen      total 23552K, used 1282K [0x00000000d5580000, 0x00000000d6f00000, 0x0000000100000000)
  eden space 20480K, 0% used [0x00000000d5580000,0x00000000d5580000,0x00000000d6980000)
  from space 3072K, 41% used [0x00000000d6a00000,0x00000000d6b40ae8,0x00000000d6d00000)
  to   space 2048K, 0% used [0x00000000d6d00000,0x00000000d6d00000,0x00000000d6f00000)
 ParOldGen       total 80896K, used 80219K [0x0000000080000000, 0x0000000084f00000, 0x00000000d5580000)
  object space 80896K, 99% used [0x0000000080000000,0x0000000084e56e98,0x0000000084f00000)
 Metaspace       used 66785K, committed 68352K, reserved 1114112K
  class space    used 6982K, committed 7680K, reserved 1048576K
}
Event: 416.668 GC heap before
{Heap before GC invocations=77 (full 3):
 PSYoungGen      total 23552K, used 21762K [0x00000000d5580000, 0x00000000d6f00000, 0x0000000100000000)
  eden space 20480K, 100% used [0x00000000d5580000,0x00000000d6980000,0x00000000d6980000)
  from space 3072K, 41% used [0x00000000d6a00000,0x00000000d6b40ae8,0x00000000d6d00000)
  to   space 2048K, 0% used [0x00000000d6d00000,0x00000000d6d00000,0x00000000d6f00000)
 ParOldGen       total 80896K, used 80219K [0x0000000080000000, 0x0000000084f00000, 0x00000000d5580000)
  object space 80896K, 99% used [0x0000000080000000,0x0000000084e56e98,0x0000000084f00000)
 Metaspace       used 66912K, committed 68544K, reserved 1114112K
  class space    used 7007K, committed 7744K, reserved 1048576K
}
Event: 416.671 GC heap after
{Heap after GC invocations=77 (full 3):
 PSYoungGen      total 22528K, used 2046K [0x00000000d5580000, 0x00000000d6f00000, 0x0000000100000000)
  eden space 20480K, 0% used [0x00000000d5580000,0x00000000d5580000,0x00000000d6980000)
  from space 2048K, 99% used [0x00000000d6d00000,0x00000000d6effb20,0x00000000d6f00000)
  to   space 2560K, 0% used [0x00000000d6a00000,0x00000000d6a00000,0x00000000d6c80000)
 ParOldGen       total 81920K, used 81414K [0x0000000080000000, 0x0000000085000000, 0x00000000d5580000)
  object space 81920K, 99% used [0x0000000080000000,0x0000000084f81a88,0x0000000085000000)
 Metaspace       used 66912K, committed 68544K, reserved 1114112K
  class space    used 7007K, committed 7744K, reserved 1048576K
}
Event: 670.012 GC heap before
{Heap before GC invocations=78 (full 3):
 PSYoungGen      total 22528K, used 21494K [0x00000000d5580000, 0x00000000d6f00000, 0x0000000100000000)
  eden space 20480K, 94% used [0x00000000d5580000,0x00000000d687de90,0x00000000d6980000)
  from space 2048K, 99% used [0x00000000d6d00000,0x00000000d6effb20,0x00000000d6f00000)
  to   space 2560K, 0% used [0x00000000d6a00000,0x00000000d6a00000,0x00000000d6c80000)
 ParOldGen       total 81920K, used 81414K [0x0000000080000000, 0x0000000085000000, 0x00000000d5580000)
  object space 81920K, 99% used [0x0000000080000000,0x0000000084f81a88,0x0000000085000000)
 Metaspace       used 67860K, committed 69440K, reserved 1114112K
  class space    used 7092K, committed 7808K, reserved 1048576K
}
Event: 670.033 GC heap after
{Heap after GC invocations=78 (full 3):
 PSYoungGen      total 23040K, used 2537K [0x00000000d5580000, 0x00000000d7480000, 0x0000000100000000)
  eden space 20480K, 0% used [0x00000000d5580000,0x00000000d5580000,0x00000000d6980000)
  from space 2560K, 99% used [0x00000000d6a00000,0x00000000d6c7a7a0,0x00000000d6c80000)
  to   space 5632K, 0% used [0x00000000d6f00000,0x00000000d6f00000,0x00000000d7480000)
 ParOldGen       total 83968K, used 83616K [0x0000000080000000, 0x0000000085200000, 0x00000000d5580000)
  object space 83968K, 99% used [0x0000000080000000,0x00000000851a8218,0x0000000085200000)
 Metaspace       used 67860K, committed 69440K, reserved 1114112K
  class space    used 7092K, committed 7808K, reserved 1048576K
}
Event: 670.132 GC heap before
{Heap before GC invocations=79 (full 3):
 PSYoungGen      total 23040K, used 23017K [0x00000000d5580000, 0x00000000d7480000, 0x0000000100000000)
  eden space 20480K, 100% used [0x00000000d5580000,0x00000000d6980000,0x00000000d6980000)
  from space 2560K, 99% used [0x00000000d6a00000,0x00000000d6c7a7a0,0x00000000d6c80000)
  to   space 5632K, 0% used [0x00000000d6f00000,0x00000000d6f00000,0x00000000d7480000)
 ParOldGen       total 121856K, used 120955K [0x0000000080000000, 0x0000000087700000, 0x00000000d5580000)
  object space 121856K, 99% used [0x0000000080000000,0x000000008761ed68,0x0000000087700000)
 Metaspace       used 67874K, committed 69440K, reserved 1114112K
  class space    used 7094K, committed 7808K, reserved 1048576K
}
Event: 670.137 GC heap after
{Heap after GC invocations=79 (full 3):
 PSYoungGen      total 23552K, used 2752K [0x00000000d5580000, 0x00000000d7200000, 0x0000000100000000)
  eden space 20480K, 0% used [0x00000000d5580000,0x00000000d5580000,0x00000000d6980000)
  from space 3072K, 89% used [0x00000000d6f00000,0x00000000d71b0000,0x00000000d7200000)
  to   space 3584K, 0% used [0x00000000d6b00000,0x00000000d6b00000,0x00000000d6e80000)
 ParOldGen       total 122368K, used 122168K [0x0000000080000000, 0x0000000087780000, 0x00000000d5580000)
  object space 122368K, 99% used [0x0000000080000000,0x000000008774e190,0x0000000087780000)
 Metaspace       used 67874K, committed 69440K, reserved 1114112K
  class space    used 7094K, committed 7808K, reserved 1048576K
}
Event: 670.222 GC heap before
{Heap before GC invocations=80 (full 3):
 PSYoungGen      total 23552K, used 23232K [0x00000000d5580000, 0x00000000d7200000, 0x0000000100000000)
  eden space 20480K, 100% used [0x00000000d5580000,0x00000000d6980000,0x00000000d6980000)
  from space 3072K, 89% used [0x00000000d6f00000,0x00000000d71b0000,0x00000000d7200000)
  to   space 3584K, 0% used [0x00000000d6b00000,0x00000000d6b00000,0x00000000d6e80000)
 ParOldGen       total 122368K, used 122168K [0x0000000080000000, 0x0000000087780000, 0x00000000d5580000)
  object space 122368K, 99% used [0x0000000080000000,0x000000008774e190,0x0000000087780000)
 Metaspace       used 67874K, committed 69440K, reserved 1114112K
  class space    used 7094K, committed 7808K, reserved 1048576K
}
Event: 670.234 GC heap after
{Heap after GC invocations=80 (full 3):
 PSYoungGen      total 24064K, used 3584K [0x00000000d5580000, 0x00000000d9080000, 0x0000000100000000)
  eden space 20480K, 0% used [0x00000000d5580000,0x00000000d5580000,0x00000000d6980000)
  from space 3584K, 100% used [0x00000000d6b00000,0x00000000d6e80000,0x00000000d6e80000)
  to   space 19968K, 0% used [0x00000000d7d00000,0x00000000d7d00000,0x00000000d9080000)
 ParOldGen       total 136192K, used 135704K [0x0000000080000000, 0x0000000088500000, 0x00000000d5580000)
  object space 136192K, 99% used [0x0000000080000000,0x0000000088486190,0x0000000088500000)
 Metaspace       used 67874K, committed 69440K, reserved 1114112K
  class space    used 7094K, committed 7808K, reserved 1048576K
}
Event: 670.348 GC heap before
{Heap before GC invocations=81 (full 3):
 PSYoungGen      total 24064K, used 24064K [0x00000000d5580000, 0x00000000d9080000, 0x0000000100000000)
  eden space 20480K, 100% used [0x00000000d5580000,0x00000000d6980000,0x00000000d6980000)
  from space 3584K, 100% used [0x00000000d6b00000,0x00000000d6e80000,0x00000000d6e80000)
  to   space 19968K, 0% used [0x00000000d7d00000,0x00000000d7d00000,0x00000000d9080000)
 ParOldGen       total 136192K, used 135704K [0x0000000080000000, 0x0000000088500000, 0x00000000d5580000)
  object space 136192K, 99% used [0x0000000080000000,0x0000000088486190,0x0000000088500000)
 Metaspace       used 67874K, committed 69440K, reserved 1114112K
  class space    used 7094K, committed 7808K, reserved 1048576K
}
Event: 670.361 GC heap after
{Heap after GC invocations=81 (full 3):
 PSYoungGen      total 35328K, used 14464K [0x00000000d5580000, 0x00000000d8b80000, 0x0000000100000000)
  eden space 20480K, 0% used [0x00000000d5580000,0x00000000d5580000,0x00000000d6980000)
  from space 14848K, 97% used [0x00000000d7d00000,0x00000000d8b20000,0x00000000d8b80000)
  to   space 15360K, 0% used [0x00000000d6d80000,0x00000000d6d80000,0x00000000d7c80000)
 ParOldGen       total 139776K, used 139320K [0x0000000080000000, 0x0000000088880000, 0x00000000d5580000)
  object space 139776K, 99% used [0x0000000080000000,0x000000008880e190,0x0000000088880000)
 Metaspace       used 67874K, committed 69440K, reserved 1114112K
  class space    used 7094K, committed 7808K, reserved 1048576K
}

Dll operation events (10 events):
Event: 0.021 Loaded shared library c:\Users\Lenovo\.vscode\extensions\redhat.java-1.53.0-win32-x64\jre\21.0.10-win32-x86_64\bin\java.dll
Event: 0.220 Loaded shared library c:\Users\Lenovo\.vscode\extensions\redhat.java-1.53.0-win32-x64\jre\21.0.10-win32-x86_64\bin\zip.dll
Event: 0.405 Loaded shared library C:\Users\Lenovo\.vscode\extensions\redhat.java-1.53.0-win32-x64\jre\21.0.10-win32-x86_64\bin\instrument.dll
Event: 0.421 Loaded shared library C:\Users\Lenovo\.vscode\extensions\redhat.java-1.53.0-win32-x64\jre\21.0.10-win32-x86_64\bin\net.dll
Event: 0.424 Loaded shared library C:\Users\Lenovo\.vscode\extensions\redhat.java-1.53.0-win32-x64\jre\21.0.10-win32-x86_64\bin\nio.dll
Event: 0.429 Loaded shared library C:\Users\Lenovo\.vscode\extensions\redhat.java-1.53.0-win32-x64\jre\21.0.10-win32-x86_64\bin\zip.dll
Event: 0.466 Loaded shared library C:\Users\Lenovo\.vscode\extensions\redhat.java-1.53.0-win32-x64\jre\21.0.10-win32-x86_64\bin\jimage.dll
Event: 0.639 Loaded shared library c:\Users\Lenovo\.vscode\extensions\redhat.java-1.53.0-win32-x64\jre\21.0.10-win32-x86_64\bin\verify.dll
Event: 2.938 Loaded shared library C:\Users\Lenovo\AppData\Roaming\Code\User\globalStorage\redhat.java\1.53.0\config_win\org.eclipse.equinox.launcher\org.eclipse.equinox.launcher.win32.win32.x86_64_1.3.0.v20260203-2149\eclipse_11919.dll
Event: 5.483 Loaded shared library C:\Users\Lenovo\AppData\Local\Temp\jna--2022488749\jna13469612463380101357.dll

Deoptimization events (20 events):
Event: 673.759 Thread 0x000001a019f96b40 DEOPT PACKING pc=0x0000019fc6d84ce8 sp=0x000000303abfd800
Event: 673.759 Thread 0x000001a019f96b40 DEOPT UNPACKING pc=0x0000019fc5fe6da2 sp=0x000000303abfd7d8 mode 2
Event: 673.761 Thread 0x000001a019f96b40 Uncommon trap: trap_request=0xffffffde fr.pc=0x0000019fc6d86774 relative=0x0000000000000474
Event: 673.761 Thread 0x000001a019f96b40 Uncommon trap: reason=class_check action=maybe_recompile pc=0x0000019fc6d86774 method=org.eclipse.jdt.internal.core.JavaModelManager.getInfo(Lorg/eclipse/jdt/core/IJavaElement;)Lorg/eclipse/jdt/internal/compiler/env/IElementInfo; @ 20 c2
Event: 673.761 Thread 0x000001a019f96b40 DEOPT PACKING pc=0x0000019fc6d86774 sp=0x000000303abfd930
Event: 673.761 Thread 0x000001a019f96b40 DEOPT UNPACKING pc=0x0000019fc5fe6da2 sp=0x000000303abfd900 mode 2
Event: 673.762 Thread 0x000001a019f96b40 DEOPT PACKING pc=0x0000019fc06dfc9e sp=0x000000303abf81a0
Event: 673.762 Thread 0x000001a019f96b40 DEOPT UNPACKING pc=0x0000019fc5fe78e2 sp=0x000000303abf7680 mode 0
Event: 673.765 Thread 0x000001a019f96b40 Uncommon trap: trap_request=0xffffffde fr.pc=0x0000019fc6d86774 relative=0x0000000000000474
Event: 673.765 Thread 0x000001a019f96b40 Uncommon trap: reason=class_check action=maybe_recompile pc=0x0000019fc6d86774 method=org.eclipse.jdt.internal.core.JavaModelManager.getInfo(Lorg/eclipse/jdt/core/IJavaElement;)Lorg/eclipse/jdt/internal/compiler/env/IElementInfo; @ 20 c2
Event: 673.765 Thread 0x000001a019f96b40 DEOPT PACKING pc=0x0000019fc6d86774 sp=0x000000303abfd930
Event: 673.765 Thread 0x000001a019f96b40 DEOPT UNPACKING pc=0x0000019fc5fe6da2 sp=0x000000303abfd900 mode 2
Event: 673.766 Thread 0x000001a019f96b40 Uncommon trap: trap_request=0xffffffde fr.pc=0x0000019fc6d86774 relative=0x0000000000000474
Event: 673.766 Thread 0x000001a019f96b40 Uncommon trap: reason=class_check action=maybe_recompile pc=0x0000019fc6d86774 method=org.eclipse.jdt.internal.core.JavaModelManager.getInfo(Lorg/eclipse/jdt/core/IJavaElement;)Lorg/eclipse/jdt/internal/compiler/env/IElementInfo; @ 20 c2
Event: 673.766 Thread 0x000001a019f96b40 DEOPT PACKING pc=0x0000019fc6d86774 sp=0x000000303abfd930
Event: 673.766 Thread 0x000001a019f96b40 DEOPT UNPACKING pc=0x0000019fc5fe6da2 sp=0x000000303abfd900 mode 2
Event: 673.766 Thread 0x000001a019f96b40 Uncommon trap: trap_request=0xffffffde fr.pc=0x0000019fc6d86774 relative=0x0000000000000474
Event: 673.766 Thread 0x000001a019f96b40 Uncommon trap: reason=class_check action=maybe_recompile pc=0x0000019fc6d86774 method=org.eclipse.jdt.internal.core.JavaModelManager.getInfo(Lorg/eclipse/jdt/core/IJavaElement;)Lorg/eclipse/jdt/internal/compiler/env/IElementInfo; @ 20 c2
Event: 673.766 Thread 0x000001a019f96b40 DEOPT PACKING pc=0x0000019fc6d86774 sp=0x000000303abfd930
Event: 673.766 Thread 0x000001a019f96b40 DEOPT UNPACKING pc=0x0000019fc5fe6da2 sp=0x000000303abfd900 mode 2

Classes loaded (20 events):
Event: 669.972 Loading class com/sun/crypto/provider/SymmetricCipher done
Event: 669.972 Loading class com/sun/crypto/provider/AESCrypt done
Event: 669.972 Loading class com/sun/crypto/provider/ElectronicCodeBook
Event: 669.973 Loading class com/sun/crypto/provider/FeedbackCipher
Event: 669.973 Loading class com/sun/crypto/provider/FeedbackCipher done
Event: 669.973 Loading class com/sun/crypto/provider/ElectronicCodeBook done
Event: 669.973 Loading class com/sun/crypto/provider/PKCS5Padding
Event: 669.974 Loading class com/sun/crypto/provider/Padding
Event: 669.974 Loading class com/sun/crypto/provider/Padding done
Event: 669.974 Loading class com/sun/crypto/provider/PKCS5Padding done
Event: 669.974 Loading class com/sun/crypto/provider/CipherBlockChaining
Event: 669.974 Loading class com/sun/crypto/provider/CipherBlockChaining done
Event: 669.976 Loading class javax/crypto/NullCipher
Event: 669.976 Loading class javax/crypto/NullCipher done
Event: 669.979 Loading class sun/security/util/ArrayUtil
Event: 669.980 Loading class sun/security/util/ArrayUtil done
Event: 670.034 Loading class java/util/zip/CheckedInputStream
Event: 670.035 Loading class java/util/zip/CheckedInputStream done
Event: 670.097 Loading class java/util/zip/GZIPInputStream$1
Event: 670.098 Loading class java/util/zip/GZIPInputStream$1 done

Classes unloaded (11 events):
Event: 6.274 Thread 0x0000019fbb8feb00 Unloading class 0x0000019fd41ad400 'java/lang/invoke/LambdaForm$MH+0x0000019fd41ad400'
Event: 6.274 Thread 0x0000019fbb8feb00 Unloading class 0x0000019fd41ad000 'java/lang/invoke/LambdaForm$MH+0x0000019fd41ad000'
Event: 6.274 Thread 0x0000019fbb8feb00 Unloading class 0x0000019fd41acc00 'java/lang/invoke/LambdaForm$MH+0x0000019fd41acc00'
Event: 6.274 Thread 0x0000019fbb8feb00 Unloading class 0x0000019fd41ac800 'java/lang/invoke/LambdaForm$MH+0x0000019fd41ac800'
Event: 6.274 Thread 0x0000019fbb8feb00 Unloading class 0x0000019fd41ac400 'java/lang/invoke/LambdaForm$BMH+0x0000019fd41ac400'
Event: 6.274 Thread 0x0000019fbb8feb00 Unloading class 0x0000019fd41ac000 'java/lang/invoke/LambdaForm$DMH+0x0000019fd41ac000'
Event: 6.274 Thread 0x0000019fbb8feb00 Unloading class 0x0000019fd41aac00 'java/lang/invoke/LambdaForm$DMH+0x0000019fd41aac00'
Event: 15.210 Thread 0x0000019fbb8feb00 Unloading class 0x0000019fd4629400 'java/lang/invoke/LambdaForm$DMH+0x0000019fd4629400'
Event: 15.210 Thread 0x0000019fbb8feb00 Unloading class 0x0000019fd4629000 'java/lang/invoke/LambdaForm$DMH+0x0000019fd4629000'
Event: 15.210 Thread 0x0000019fbb8feb00 Unloading class 0x0000019fd4629c00 'java/lang/invoke/LambdaForm$DMH+0x0000019fd4629c00'
Event: 15.210 Thread 0x0000019fbb8feb00 Unloading class 0x0000019fd4629800 'java/lang/invoke/LambdaForm$DMH+0x0000019fd4629800'

Classes redefined (0 events):
No events

Internal exceptions (20 events):
Event: 122.326 Thread 0x000001a019f98580 Exception <a 'java/io/FileNotFoundException'{0x00000000d5d25c08}> (0x00000000d5d25c08) 
thrown [s\src\hotspot\share\prims\jni.cpp, line 520]
Event: 122.326 Thread 0x000001a019f98580 Exception <a 'java/io/FileNotFoundException'{0x00000000d5d26c00}> (0x00000000d5d26c00) 
thrown [s\src\hotspot\share\prims\jni.cpp, line 520]
Event: 122.414 Thread 0x000001a019f98580 Implicit null exception at 0x0000019fc68518d7 to 0x0000019fc68528bc
Event: 122.583 Thread 0x000001a019f98580 Exception <a 'sun/nio/fs/WindowsException'{0x00000000d5a62b98}> (0x00000000d5a62b98) 
thrown [s\src\hotspot\share\prims\jni.cpp, line 520]
Event: 122.587 Thread 0x000001a019f98580 Exception <a 'sun/nio/fs/WindowsException'{0x00000000d5a64700}> (0x00000000d5a64700) 
thrown [s\src\hotspot\share\prims\jni.cpp, line 520]
Event: 122.588 Thread 0x000001a019f98580 Exception <a 'sun/nio/fs/WindowsException'{0x00000000d5a66260}> (0x00000000d5a66260) 
thrown [s\src\hotspot\share\prims\jni.cpp, line 520]
Event: 122.589 Thread 0x000001a019f98580 Exception <a 'sun/nio/fs/WindowsException'{0x00000000d5a67cb0}> (0x00000000d5a67cb0) 
thrown [s\src\hotspot\share\prims\jni.cpp, line 520]
Event: 122.589 Thread 0x000001a019f98580 Exception <a 'sun/nio/fs/WindowsException'{0x00000000d5a69730}> (0x00000000d5a69730) 
thrown [s\src\hotspot\share\prims\jni.cpp, line 520]
Event: 122.590 Thread 0x000001a019f98580 Exception <a 'sun/nio/fs/WindowsException'{0x00000000d5a6b170}> (0x00000000d5a6b170) 
thrown [s\src\hotspot\share\prims\jni.cpp, line 520]
Event: 122.590 Thread 0x000001a019f98580 Exception <a 'sun/nio/fs/WindowsException'{0x00000000d5a6cbd0}> (0x00000000d5a6cbd0) 
thrown [s\src\hotspot\share\prims\jni.cpp, line 520]
Event: 122.591 Thread 0x000001a019f98580 Exception <a 'sun/nio/fs/WindowsException'{0x00000000d5a6e660}> (0x00000000d5a6e660) 
thrown [s\src\hotspot\share\prims\jni.cpp, line 520]
Event: 416.045 Thread 0x000001a019060460 Exception <a 'java/lang/IncompatibleClassChangeError'{0x00000000d5fb8540}: Found class java.lang.Object, but interface was expected> (0x00000000d5fb8540) 
thrown [s\src\hotspot\share\interpreter\linkResolver.cpp, line 840]
Event: 416.183 Thread 0x000001a019060460 Implicit null exception at 0x0000019fc68adba1 to 0x0000019fc68adeb4
Event: 420.158 Thread 0x000001a019f96b40 Exception <a 'sun/nio/fs/WindowsException'{0x00000000d59fd598}> (0x00000000d59fd598) 
thrown [s\src\hotspot\share\prims\jni.cpp, line 520]
Event: 420.159 Thread 0x000001a019f96b40 Exception <a 'sun/nio/fs/WindowsException'{0x00000000d59fde98}> (0x00000000d59fde98) 
thrown [s\src\hotspot\share\prims\jni.cpp, line 520]
Event: 420.159 Thread 0x000001a019f96b40 Implicit null exception at 0x0000019fc6a16a03 to 0x0000019fc6a16ca8
Event: 420.185 Thread 0x000001a019f96b40 Exception <a 'java/lang/NoSuchMethodError'{0x00000000d5aec1c0}: static [J.<clinit>()V> (0x00000000d5aec1c0) 
thrown [s\src\hotspot\share\prims\jni.cpp, line 1111]
Event: 420.194 Thread 0x000001a019f96b40 Exception <a 'java/lang/NoSuchMethodError'{0x00000000d5b1df08}: 'java.lang.Object java.lang.invoke.DirectMethodHandle$Holder.newInvokeSpecial(java.lang.Object, java.lang.Object, java.lang.Object, java.lang.Object, java.lang.Object, java.lang.Object, java.lang.Object, java.lang.Object)'> (0x00000000d5b1df08) 
thrown [s\src\hotspot\share\interpreter\linkResolver.cpp, line 773]
Event: 641.864 Thread 0x000001a019061810 Exception <a 'java/lang/IncompatibleClassChangeError'{0x00000000d5d3b500}: Found class java.lang.Object, but interface was expected> (0x00000000d5d3b500) 
thrown [s\src\hotspot\share\interpreter\linkResolver.cpp, line 840]
Event: 669.945 Thread 0x000001a01a611d50 Exception <a 'sun/nio/fs/WindowsException'{0x00000000d6671680}> (0x00000000d6671680) 
thrown [s\src\hotspot\share\prims\jni.cpp, line 520]

ZGC Phase Switch (0 events):
No events

VM Operations (20 events):
Event: 669.612 Executing safepoint VM operation: Cleanup done
Event: 669.908 Executing non-safepoint VM operation: HandshakeAllThreads (Deoptimize)
Event: 669.908 Executing non-safepoint VM operation: HandshakeAllThreads (Deoptimize) done
Event: 669.950 Executing non-safepoint VM operation: HandshakeAllThreads (Deoptimize)
Event: 669.950 Executing non-safepoint VM operation: HandshakeAllThreads (Deoptimize) done
Event: 670.011 Executing safepoint VM operation: ParallelGCFailedAllocation (Allocation Failure)
Event: 670.033 Executing safepoint VM operation: ParallelGCFailedAllocation (Allocation Failure) done
Event: 670.132 Executing safepoint VM operation: ParallelGCFailedAllocation (Allocation Failure)
Event: 670.137 Executing safepoint VM operation: ParallelGCFailedAllocation (Allocation Failure) done
Event: 670.222 Executing safepoint VM operation: ParallelGCFailedAllocation (Allocation Failure)
Event: 670.234 Executing safepoint VM operation: ParallelGCFailedAllocation (Allocation Failure) done
Event: 670.348 Executing safepoint VM operation: ParallelGCFailedAllocation (Allocation Failure)
Event: 670.361 Executing safepoint VM operation: ParallelGCFailedAllocation (Allocation Failure) done
Event: 671.367 Executing safepoint VM operation: Cleanup
Event: 671.383 Executing safepoint VM operation: Cleanup done
Event: 672.383 Executing safepoint VM operation: Cleanup
Event: 672.400 Executing safepoint VM operation: Cleanup done
Event: 673.416 Executing safepoint VM operation: Cleanup
Event: 673.416 Executing safepoint VM operation: Cleanup done
Event: 674.427 Executing safepoint VM operation: Cleanup

Memory protections (0 events):
No events

Nmethod flushes (20 events):
Event: 15.225 Thread 0x0000019fbb8feb00 flushing  nmethod 0x0000019fbf343310
Event: 15.225 Thread 0x0000019fbb8feb00 flushing  nmethod 0x0000019fbf345d90
Event: 15.225 Thread 0x0000019fbb8feb00 flushing  nmethod 0x0000019fbf35b010
Event: 15.225 Thread 0x0000019fbb8feb00 flushing  nmethod 0x0000019fbf35b710
Event: 15.225 Thread 0x0000019fbb8feb00 flushing  nmethod 0x0000019fbf35bd10
Event: 15.225 Thread 0x0000019fbb8feb00 flushing  nmethod 0x0000019fbf35c590
Event: 15.225 Thread 0x0000019fbb8feb00 flushing  nmethod 0x0000019fbf35e390
Event: 15.225 Thread 0x0000019fbb8feb00 flushing  nmethod 0x0000019fbf369f90
Event: 15.225 Thread 0x0000019fbb8feb00 flushing  nmethod 0x0000019fbf37de90
Event: 15.225 Thread 0x0000019fbb8feb00 flushing  nmethod 0x0000019fbf3a2590
Event: 15.225 Thread 0x0000019fbb8feb00 flushing osr nmethod 0x0000019fbf3a9b90
Event: 15.225 Thread 0x0000019fbb8feb00 flushing  nmethod 0x0000019fbf400090
Event: 15.226 Thread 0x0000019fbb8feb00 flushing  nmethod 0x0000019fbf402510
Event: 15.226 Thread 0x0000019fbb8feb00 flushing  nmethod 0x0000019fbf404010
Event: 15.226 Thread 0x0000019fbb8feb00 flushing  nmethod 0x0000019fbf40b610
Event: 15.226 Thread 0x0000019fbb8feb00 flushing  nmethod 0x0000019fbf40c010
Event: 15.226 Thread 0x0000019fbb8feb00 flushing  nmethod 0x0000019fbf410710
Event: 15.226 Thread 0x0000019fbb8feb00 flushing  nmethod 0x0000019fbf410a90
Event: 15.226 Thread 0x0000019fbb8feb00 flushing  nmethod 0x0000019fbf414c10
Event: 15.226 Thread 0x0000019fbb8feb00 flushing  nmethod 0x0000019fbf449490

Events (20 events):
Event: 421.589 Thread 0x000001a01c8c3140 Thread exited: 0x000001a01c8c3140
Event: 421.589 Thread 0x000001a01c8c1d90 Thread exited: 0x000001a01c8c1d90
Event: 421.589 Thread 0x000001a01c8c5210 Thread exited: 0x000001a01c8c5210
Event: 421.605 Thread 0x000001a01c8c3e60 Thread exited: 0x000001a01c8c3e60
Event: 421.872 Thread 0x000001a01905f740 Thread exited: 0x000001a01905f740
Event: 421.881 Thread 0x000001a01c4084f0 Thread exited: 0x000001a01c4084f0
Event: 421.881 Thread 0x000001a019f95e20 Thread exited: 0x000001a019f95e20
Event: 422.010 Thread 0x000001a019f971d0 Thread exited: 0x000001a019f971d0
Event: 422.077 Thread 0x000001a01c4077d0 Thread exited: 0x000001a01c4077d0
Event: 422.160 Thread 0x000001a01c407e60 Thread exited: 0x000001a01c407e60
Event: 476.741 Thread 0x000001a019060460 Thread exited: 0x000001a019060460
Event: 481.605 Thread 0x000001a01c8c4b80 Thread exited: 0x000001a01c8c4b80
Event: 536.756 Thread 0x000001a01a6116c0 Thread exited: 0x000001a01a6116c0
Event: 541.619 Thread 0x000001a01c8bdbf0 Thread exited: 0x000001a01c8bdbf0
Event: 601.622 Thread 0x000001a01c8be910 Thread exited: 0x000001a01c8be910
Event: 669.784 Thread 0x000001a019061810 Thread added: 0x000001a01a6116c0
Event: 669.841 Thread 0x000001a01a6116c0 Thread added: 0x000001a01a611d50
Event: 670.382 Thread 0x000001a01a611d50 Thread exited: 0x000001a01a611d50
Event: 673.740 Thread 0x0000019fd22f02d0 Thread added: 0x000001a01c8d0bc0
Event: 673.741 Thread 0x0000019fd22f02d0 Thread added: 0x000001a01c8ce2e0


Dynamic libraries:
0x00007ff7f8320000 - 0x00007ff7f832e000 	c:\Users\Lenovo\.vscode\extensions\redhat.java-1.53.0-win32-x64\jre\21.0.10-win32-x86_64\bin\java.exe
0x00007ff8acaa0000 - 0x00007ff8acd07000 	C:\WINDOWS\SYSTEM32\ntdll.dll
0x00007ff8ac1c0000 - 0x00007ff8ac289000 	C:\WINDOWS\System32\KERNEL32.DLL
0x00007ff8a9630000 - 0x00007ff8a9a24000 	C:\WINDOWS\System32\KERNELBASE.dll
0x00007ff8a94b0000 - 0x00007ff8a95fb000 	C:\WINDOWS\System32\ucrtbase.dll
0x00007ff8a3ec0000 - 0x00007ff8a3ed8000 	c:\Users\Lenovo\.vscode\extensions\redhat.java-1.53.0-win32-x64\jre\21.0.10-win32-x86_64\bin\jli.dll
0x00007ff8ac470000 - 0x00007ff8ac635000 	C:\WINDOWS\System32\USER32.dll
0x00007ff8a9600000 - 0x00007ff8a9627000 	C:\WINDOWS\System32\win32u.dll
0x00007ff8aca30000 - 0x00007ff8aca5b000 	C:\WINDOWS\System32\GDI32.dll
0x00007ff8a9e90000 - 0x00007ff8a9fba000 	C:\WINDOWS\System32\gdi32full.dll
0x00007ff8a9af0000 - 0x00007ff8a9b93000 	C:\WINDOWS\System32\msvcp_win.dll
0x00007ff89ff20000 - 0x00007ff89ff3e000 	c:\Users\Lenovo\.vscode\extensions\redhat.java-1.53.0-win32-x64\jre\21.0.10-win32-x86_64\bin\VCRUNTIME140.dll
0x00007ff882850000 - 0x00007ff882ae3000 	C:\WINDOWS\WinSxS\amd64_microsoft.windows.common-controls_6595b64144ccf1df_6.0.26100.8115_none_3e075c82e3354f9c\COMCTL32.dll
0x00007ff8abf20000 - 0x00007ff8abfc9000 	C:\WINDOWS\System32\msvcrt.dll
0x00007ff8ac790000 - 0x00007ff8ac7c2000 	C:\WINDOWS\System32\IMM32.DLL
0x00007ff8a62b0000 - 0x00007ff8a62bc000 	c:\Users\Lenovo\.vscode\extensions\redhat.java-1.53.0-win32-x64\jre\21.0.10-win32-x86_64\bin\vcruntime140_1.dll
0x00007ff86f6b0000 - 0x00007ff86f73d000 	c:\Users\Lenovo\.vscode\extensions\redhat.java-1.53.0-win32-x64\jre\21.0.10-win32-x86_64\bin\msvcp140.dll
0x00007fffcbd00000 - 0x00007fffccaa1000 	c:\Users\Lenovo\.vscode\extensions\redhat.java-1.53.0-win32-x64\jre\21.0.10-win32-x86_64\bin\server\jvm.dll
0x00007ff8ac970000 - 0x00007ff8aca26000 	C:\WINDOWS\System32\ADVAPI32.dll
0x00007ff8ac0d0000 - 0x00007ff8ac177000 	C:\WINDOWS\System32\sechost.dll
0x00007ff8abd70000 - 0x00007ff8abe88000 	C:\WINDOWS\System32\RPCRT4.dll
0x00007ff8ac640000 - 0x00007ff8ac6c0000 	C:\WINDOWS\System32\WS2_32.dll
0x00007ff8a91d0000 - 0x00007ff8a922e000 	C:\WINDOWS\SYSTEM32\POWRPROF.dll
0x00007ff8a00f0000 - 0x00007ff8a0126000 	C:\WINDOWS\SYSTEM32\WINMM.dll
0x00007ff899ac0000 - 0x00007ff899acb000 	C:\WINDOWS\SYSTEM32\VERSION.dll
0x00007ff8a91b0000 - 0x00007ff8a91c4000 	C:\WINDOWS\SYSTEM32\UMPDC.dll
0x00007ff8a80d0000 - 0x00007ff8a80eb000 	C:\WINDOWS\SYSTEM32\kernel.appcore.dll
0x00007ff89ff10000 - 0x00007ff89ff1a000 	c:\Users\Lenovo\.vscode\extensions\redhat.java-1.53.0-win32-x64\jre\21.0.10-win32-x86_64\bin\jimage.dll
0x00007ff8a6cb0000 - 0x00007ff8a6ef2000 	C:\WINDOWS\SYSTEM32\DBGHELP.DLL
0x00007ff8aaea0000 - 0x00007ff8ab222000 	C:\WINDOWS\System32\combase.dll
0x00007ff8abb90000 - 0x00007ff8abc67000 	C:\WINDOWS\System32\OLEAUT32.dll
0x00007ff896c50000 - 0x00007ff896c8b000 	C:\WINDOWS\SYSTEM32\dbgcore.DLL
0x00007ff8a9370000 - 0x00007ff8a9415000 	C:\WINDOWS\System32\bcryptPrimitives.dll
0x00007ff89a030000 - 0x00007ff89a03f000 	c:\Users\Lenovo\.vscode\extensions\redhat.java-1.53.0-win32-x64\jre\21.0.10-win32-x86_64\bin\instrument.dll
0x00007ff88bf70000 - 0x00007ff88bf90000 	c:\Users\Lenovo\.vscode\extensions\redhat.java-1.53.0-win32-x64\jre\21.0.10-win32-x86_64\bin\java.dll
0x00007ff8ab360000 - 0x00007ff8abac6000 	C:\WINDOWS\System32\SHELL32.dll
0x00007ff8a9ba0000 - 0x00007ff8a9d0a000 	C:\WINDOWS\System32\wintypes.dll
0x00007ff8a9fc0000 - 0x00007ff8aa825000 	C:\WINDOWS\System32\windows.storage.dll
0x00007ff8abc70000 - 0x00007ff8abd67000 	C:\WINDOWS\System32\SHCORE.dll
0x00007ff8abfd0000 - 0x00007ff8ac036000 	C:\WINDOWS\System32\shlwapi.dll
0x00007ff8a9290000 - 0x00007ff8a92b9000 	C:\WINDOWS\SYSTEM32\profapi.dll
0x00007ff88bfc0000 - 0x00007ff88bfd8000 	c:\Users\Lenovo\.vscode\extensions\redhat.java-1.53.0-win32-x64\jre\21.0.10-win32-x86_64\bin\zip.dll
0x00007ff88bf40000 - 0x00007ff88bf50000 	C:\Users\Lenovo\.vscode\extensions\redhat.java-1.53.0-win32-x64\jre\21.0.10-win32-x86_64\bin\net.dll
0x00007ff8a29a0000 - 0x00007ff8a2acd000 	C:\WINDOWS\SYSTEM32\WINHTTP.dll
0x00007ff8a8620000 - 0x00007ff8a868c000 	C:\WINDOWS\system32\mswsock.dll
0x00007ff88bd90000 - 0x00007ff88bda6000 	C:\Users\Lenovo\.vscode\extensions\redhat.java-1.53.0-win32-x64\jre\21.0.10-win32-x86_64\bin\nio.dll
0x00007ff888fc0000 - 0x00007ff888fd0000 	c:\Users\Lenovo\.vscode\extensions\redhat.java-1.53.0-win32-x64\jre\21.0.10-win32-x86_64\bin\verify.dll
0x00007ff871c50000 - 0x00007ff871c95000 	C:\Users\Lenovo\AppData\Roaming\Code\User\globalStorage\redhat.java\1.53.0\config_win\org.eclipse.equinox.launcher\org.eclipse.equinox.launcher.win32.win32.x86_64_1.3.0.v20260203-2149\eclipse_11919.dll
0x00007ff8ac7d0000 - 0x00007ff8ac967000 	C:\WINDOWS\System32\ole32.dll
0x00007ff8a8950000 - 0x00007ff8a896b000 	C:\WINDOWS\SYSTEM32\CRYPTSP.dll
0x00007ff8a8030000 - 0x00007ff8a8069000 	C:\WINDOWS\system32\rsaenh.dll
0x00007ff8a86e0000 - 0x00007ff8a8713000 	C:\WINDOWS\SYSTEM32\USERENV.dll
0x00007ff8a9260000 - 0x00007ff8a928a000 	C:\WINDOWS\SYSTEM32\bcrypt.dll
0x00007ff8a8970000 - 0x00007ff8a897c000 	C:\WINDOWS\SYSTEM32\CRYPTBASE.dll
0x00007ff8a7bf0000 - 0x00007ff8a7c22000 	C:\WINDOWS\SYSTEM32\IPHLPAPI.DLL
0x00007ff8abb20000 - 0x00007ff8abb2a000 	C:\WINDOWS\System32\NSI.dll
0x00007ff86f920000 - 0x00007ff86f969000 	C:\Users\Lenovo\AppData\Local\Temp\jna--2022488749\jna13469612463380101357.dll
0x00007ff8abe90000 - 0x00007ff8abe98000 	C:\WINDOWS\System32\PSAPI.DLL
0x00007ff8a2b00000 - 0x00007ff8a2b1d000 	C:\WINDOWS\SYSTEM32\dhcpcsvc6.DLL
0x00007ff8a2ad0000 - 0x00007ff8a2af5000 	C:\WINDOWS\SYSTEM32\dhcpcsvc.DLL
0x00007ff8a81f0000 - 0x00007ff8a8226000 	C:\WINDOWS\SYSTEM32\ntmarta.dll

JVMTI agents:
c:\Users\Lenovo\.vscode\extensions\redhat.java-1.53.0-win32-x64\lombok\lombok-1.18.39-4050.jar path:c:\Users\Lenovo\.vscode\extensions\redhat.java-1.53.0-win32-x64\jre\21.0.10-win32-x86_64\bin\instrument.dll, loaded, initialized, instrumentlib options:none

dbghelp: loaded successfully - version: 4.0.5 - missing functions: none
symbol engine: initialized successfully - sym options: 0x614 - pdb path: .;c:\Users\Lenovo\.vscode\extensions\redhat.java-1.53.0-win32-x64\jre\21.0.10-win32-x86_64\bin;C:\WINDOWS\SYSTEM32;C:\WINDOWS\WinSxS\amd64_microsoft.windows.common-controls_6595b64144ccf1df_6.0.26100.8115_none_3e075c82e3354f9c;c:\Users\Lenovo\.vscode\extensions\redhat.java-1.53.0-win32-x64\jre\21.0.10-win32-x86_64\bin\server;C:\Users\Lenovo\AppData\Roaming\Code\User\globalStorage\redhat.java\1.53.0\config_win\org.eclipse.equinox.launcher\org.eclipse.equinox.launcher.win32.win32.x86_64_1.3.0.v20260203-2149;C:\Users\Lenovo\AppData\Local\Temp\jna--2022488749

VM Arguments:
jvm_args: --add-modules=ALL-SYSTEM --add-opens=java.base/java.util=ALL-UNNAMED --add-opens=java.base/java.lang=ALL-UNNAMED --add-opens=java.base/sun.nio.fs=ALL-UNNAMED -Declipse.application=org.eclipse.jdt.ls.core.id1 -Dosgi.bundles.defaultStartLevel=4 -Declipse.product=org.eclipse.jdt.ls.core.product -Djava.import.generatesMetadataFilesAtProjectRoot=false -DDetectVMInstallationsJob.disabled=true -Dfile.encoding=utf8 -XX:+UseParallelGC -XX:GCTimeRatio=4 -XX:AdaptiveSizePolicyWeight=90 -Dsun.zip.disableMemoryMapping=true -Xmx2G -Xms100m -Xlog:disable -javaagent:c:\Users\Lenovo\.vscode\extensions\redhat.java-1.53.0-win32-x64\lombok\lombok-1.18.39-4050.jar -XX:+HeapDumpOnOutOfMemoryError -XX:HeapDumpPath=c:\Users\Lenovo\AppData\Roaming\Code\User\workspaceStorage\bc6eb85e13de13a72f0cc5b9c9a44b84\redhat.java -Daether.dependencyCollector.impl=bf 
java_command: c:\Users\Lenovo\.vscode\extensions\redhat.java-1.53.0-win32-x64\server\plugins\org.eclipse.equinox.launcher_1.7.100.v20251111-0406.jar -configuration c:\Users\Lenovo\AppData\Roaming\Code\User\globalStorage\redhat.java\1.53.0\config_win -data c:\Users\Lenovo\AppData\Roaming\Code\User\workspaceStorage\bc6eb85e13de13a72f0cc5b9c9a44b84\redhat.java\jdt_ws --pipe=\\.\pipe\lsp-9caec7def70d14b9516fed7c7bff4aa4-sock
java_class_path (initial): c:\Users\Lenovo\.vscode\extensions\redhat.java-1.53.0-win32-x64\server\plugins\org.eclipse.equinox.launcher_1.7.100.v20251111-0406.jar
Launcher Type: SUN_STANDARD

[Global flags]
    uintx AdaptiveSizePolicyWeight                 = 90                                        {product} {command line}
     intx CICompilerCount                          = 4                                         {product} {ergonomic}
    uintx GCTimeRatio                              = 4                                         {product} {command line}
     bool HeapDumpOnOutOfMemoryError               = true                                   {manageable} {command line}
    ccstr HeapDumpPath                             = c:\Users\Lenovo\AppData\Roaming\Code\User\workspaceStorage\bc6eb85e13de13a72f0cc5b9c9a44b84\redhat.java         {manageable} {command line}
   size_t InitialHeapSize                          = 104857600                                 {product} {command line}
   size_t MaxHeapSize                              = 2147483648                                {product} {command line}
   size_t MaxNewSize                               = 715653120                                 {product} {ergonomic}
   size_t MinHeapDeltaBytes                        = 524288                                    {product} {ergonomic}
   size_t MinHeapSize                              = 104857600                                 {product} {command line}
   size_t NewSize                                  = 34603008                                  {product} {ergonomic}
    uintx NonNMethodCodeHeapSize                   = 5839372                                {pd product} {ergonomic}
    uintx NonProfiledCodeHeapSize                  = 122909434                              {pd product} {ergonomic}
   size_t OldSize                                  = 70254592                                  {product} {ergonomic}
    uintx ProfiledCodeHeapSize                     = 122909434                              {pd product} {ergonomic}
    uintx ReservedCodeCacheSize                    = 251658240                              {pd product} {ergonomic}
     bool SegmentedCodeCache                       = true                                      {product} {ergonomic}
   size_t SoftMaxHeapSize                          = 2147483648                             {manageable} {ergonomic}
     bool UseCompressedOops                        = true                           {product lp64_product} {ergonomic}
     bool UseLargePagesIndividualAllocation        = false                                  {pd product} {ergonomic}
     bool UseParallelGC                            = true                                      {product} {command line}

Logging:
Log output configuration:
 #0: stdout all=off uptime,level,tags foldmultilines=false
 #1: stderr all=off uptime,level,tags foldmultilines=false

Release file:
JAVA_VERSION="21.0.10" 
MODULES="java.base java.compiler java.datatransfer java.xml java.prefs java.desktop java.instrument java.logging java.management java.security.sasl java.naming java.rmi java.management.rmi java.net.http java.scripting java.security.jgss java.transaction.xa java.sql java.sql.rowset java.xml.crypto java.se java.smartcardio jdk.accessibility jdk.internal.jvmstat jdk.attach jdk.charsets jdk.internal.opt jdk.zipfs jdk.compiler jdk.crypto.ec jdk.crypto.cryptoki jdk.crypto.mscapi jdk.dynalink jdk.internal.ed jdk.editpad jdk.hotspot.agent jdk.httpserver jdk.internal.le jdk.internal.vm.ci jdk.internal.vm.compiler jdk.internal.vm.compiler.management jdk.jartool jdk.javadoc jdk.jcmd jdk.management jdk.management.agent jdk.jconsole jdk.jdeps jdk.jdwp.agent jdk.jdi jdk.jfr jdk.jshell jdk.jsobject jdk.jstatd jdk.localedata jdk.management.jfr jdk.naming.dns jdk.naming.rmi jdk.net jdk.nio.mapmode jdk.random jdk.sctp jdk.security.auth jdk.security.jgss jdk.unsupported jdk.unsupported.desktop jdk.xml.dom" 

Environment Variables:
JAVA_HOME= C:\Program Files\Java\jdk-21.0.10
PATH=C:\Program Files\Google\Chrome\Application;C:\Python313\Scripts\;C:\Python313\;C:\Program Files\Microsoft MPI\Bin\;C:\Windows\system32;C:\Windows;C:\Windows\System32\Wbem;C:\Windows\System32\WindowsPowerShell\v1.0\;C:\Windows\System32\OpenSSH\;C:\Program Files (x86)\NVIDIA Corporation\PhysX\Common;C:\Program Files\dotnet\;C:\Program Files\CodeBlocks\MinGW\bin;C:\WINDOWS\system32;C:\WINDOWS;C:\WINDOWS\System32\Wbem;C:\WINDOWS\System32\WindowsPowerShell\v1.0\;C:\WINDOWS\System32\OpenSSH\;C:\Program Files\NVIDIA Corporation\NVIDIA NvDLISR;C:\WINDOWS\system32;C:\WINDOWS;C:\WINDOWS\System32\Wbem;C:\WINDOWS\System32\WindowsPowerShell\v1.0\;C:\WINDOWS\System32\OpenSSH\;C:\Program Files\Microsoft SQL Server\150\Tools\Binn\;C:\Program Files\Microsoft SQL Server\Client SDK\ODBC\170\Tools\Binn\;C:\Program Files\Git\cmd;C:\Program Files (x86)\Microsoft SQL Server\160\Tools\Binn\;C:\Program Files\Microsoft SQL Server\160\Tools\Binn\;C:\Program Files\Microsoft SQL Server\160\DTS\Binn\;D:\Xamp\php;C:\Program Files\nodejs\;C:\ProgramData\chocolatey\bin;C:\ProgramData\ComposerSetup\bin;C:\MinGW\bin;C:\Program Files\Docker\Docker\resources\bin; C:\Program Files\Java\jdk-21.0.10\bin;C:\Users\Lenovo\AppData\Local\Microsoft\WindowsApps;C:\intelFPGA\17.0\modelsim_ase\win32aloem;C:\Program Files (x86)\Inno Setup 6;C:\Users\Lenovo\AppData\Roaming\npm;C:\Users\Lenovo\AppData\Roaming\Composer\vendor\bin;C:\Program Files (x86)\GnuWin32\bin;C:\MinGW\bin
USERNAME=Lenovo
OS=Windows_NT
PROCESSOR_IDENTIFIER=Intel64 Family 6 Model 140 Stepping 1, GenuineIntel
TMP=C:\Users\Lenovo\AppData\Local\Temp
TEMP=C:\Users\Lenovo\AppData\Local\Temp




Periodic native trim disabled

---------------  S Y S T E M  ---------------

OS:
 Windows 11 , 64 bit Build 26100 (10.0.26100.8115)
OS uptime: 0 days 0:49 hours
Hyper-V role detected

CPU: total 8 (initial active 8) (4 cores per cpu, 2 threads per core) family 6 model 140 stepping 1 microcode 0xba, cx8, cmov, fxsr, ht, mmx, 3dnowpref, sse, sse2, sse3, ssse3, sse4.1, sse4.2, popcnt, lzcnt, tsc, tscinvbit, avx, avx2, aes, erms, clmul, bmi1, bmi2, adx, avx512f, avx512dq, avx512cd, avx512bw, avx512vl, sha, fma, vzeroupper, avx512_vpopcntdq, avx512_vpclmulqdq, avx512_vaes, avx512_vnni, clflush, clflushopt, clwb, avx512_vbmi2, avx512_vbmi, hv, rdtscp, rdpid, fsrm, gfni, avx512_bitalg, f16c, cet_ibt, cet_ss, avx512_ifma
Processor Information for processor 0
  Max Mhz: 2419, Current Mhz: 2419, Mhz Limit: 2419
Processor Information for processor 1
  Max Mhz: 2419, Current Mhz: 604, Mhz Limit: 2419
Processor Information for processor 2
  Max Mhz: 2419, Current Mhz: 2419, Mhz Limit: 2419
Processor Information for processor 3
  Max Mhz: 2419, Current Mhz: 1209, Mhz Limit: 2419
Processor Information for processor 4
  Max Mhz: 2419, Current Mhz: 2419, Mhz Limit: 2419
Processor Information for processor 5
  Max Mhz: 2419, Current Mhz: 2419, Mhz Limit: 2419
Processor Information for processor 6
  Max Mhz: 2419, Current Mhz: 2015, Mhz Limit: 2419
Processor Information for processor 7
  Max Mhz: 2419, Current Mhz: 2015, Mhz Limit: 2419

Memory: 4k page, system-wide physical 7975M (590M free)
TotalPageFile size 16972M (AvailPageFile size 0M)
current process WorkingSet (physical memory assigned to process): 239M, peak: 341M
current process commit charge ("private bytes"): 474M, peak: 494M

vm_info: OpenJDK 64-Bit Server VM (21.0.10+7-LTS) for windows-amd64 JRE (21.0.10+7-LTS), built on 2026-01-20T00:00:00Z by "admin" with MS VC++ 17.12 (VS2022)

END.
