#
# There is insufficient memory for the Java Runtime Environment to continue.
# Native memory allocation (malloc) failed to allocate 1048576 bytes. Error detail: AllocateHeap
# Possible reasons:
#   The system is out of physical RAM or swap space
#   This process is running with CompressedOops enabled, and the Java Heap may be blocking the growth of the native heap
# Possible solutions:
#   Reduce memory load on the system
#   Increase physical memory or swap space
#   Check if swap backing store is full
#   Decrease Java heap size (-Xmx/-Xms)
#   Decrease number of Java threads
#   Decrease Java thread stack sizes (-Xss)
#   Set larger code cache with -XX:ReservedCodeCacheSize=
#   JVM is running with Unscaled Compressed Oops mode in which the Java heap is
#     placed in the first 4GB address space. The Java Heap base address is the
#     maximum limit for the native heap growth. Please use -XX:HeapBaseMinAddress
#     to set the Java Heap base and to place the Java Heap above 4GB virtual address.
# This output file may be truncated or incomplete.
#
#  Out of Memory Error (allocation.cpp:44), pid=22156, tid=14756
#
# JRE version: OpenJDK Runtime Environment Temurin-21.0.10+7 (21.0.10+7) (build 21.0.10+7-LTS)
# Java VM: OpenJDK 64-Bit Server VM Temurin-21.0.10+7 (21.0.10+7-LTS, mixed mode, sharing, tiered, compressed oops, compressed class ptrs, parallel gc, windows-amd64)
# No core dump will be written. Minidumps are not enabled by default on client versions of Windows
#

---------------  S U M M A R Y ------------

Command Line: --add-modules=ALL-SYSTEM --add-opens=java.base/java.util=ALL-UNNAMED --add-opens=java.base/java.lang=ALL-UNNAMED --add-opens=java.base/sun.nio.fs=ALL-UNNAMED -Declipse.application=org.eclipse.jdt.ls.core.id1 -Dosgi.bundles.defaultStartLevel=4 -Declipse.product=org.eclipse.jdt.ls.core.product -Djava.import.generatesMetadataFilesAtProjectRoot=false -DDetectVMInstallationsJob.disabled=true -Dfile.encoding=utf8 -XX:+UseParallelGC -XX:GCTimeRatio=4 -XX:AdaptiveSizePolicyWeight=90 -Dsun.zip.disableMemoryMapping=true -Xmx2G -Xms100m -Xlog:disable -javaagent:c:\Users\Lenovo\.vscode\extensions\redhat.java-1.53.0-win32-x64\lombok\lombok-1.18.39-4050.jar -XX:+HeapDumpOnOutOfMemoryError -XX:HeapDumpPath=c:\Users\Lenovo\AppData\Roaming\Code\User\workspaceStorage\bc6eb85e13de13a72f0cc5b9c9a44b84\redhat.java -Daether.dependencyCollector.impl=bf c:\Users\Lenovo\.vscode\extensions\redhat.java-1.53.0-win32-x64\server\plugins\org.eclipse.equinox.launcher_1.7.100.v20251111-0406.jar -configuration c:\Users\Lenovo\AppData\Roaming\Code\User\globalStorage\redhat.java\1.53.0\config_win -data c:\Users\Lenovo\AppData\Roaming\Code\User\workspaceStorage\bc6eb85e13de13a72f0cc5b9c9a44b84\redhat.java\jdt_ws --pipe=\\.\pipe\lsp-fb757de5857684219bca816ee7de9251-sock

Host: 11th Gen Intel(R) Core(TM) i5-1135G7 @ 2.40GHz, 8 cores, 7G,  Windows 11 , 64 bit Build 26100 (10.0.26100.8115)
Time: Fri Apr  3 23:29:40 2026 Bangladesh Standard Time elapsed time: 1751.911860 seconds (0d 0h 29m 11s)

---------------  T H R E A D  ---------------

Current thread (0x000001c1b4eb6d40):  JavaThread "Attach Listener" daemon [_thread_in_vm, id=14756, stack(0x0000005813800000,0x0000005813900000) (1024K)]

Stack: [0x0000005813800000,0x0000005813900000]
Native frames: (J=compiled Java code, j=interpreted, Vv=VM code, C=native code)
V  [jvm.dll+0x6d7a39]
V  [jvm.dll+0x8b4b26]
V  [jvm.dll+0x8b70de]
V  [jvm.dll+0x8b77c3]
V  [jvm.dll+0x284346]
V  [jvm.dll+0xc1277]
V  [jvm.dll+0x6d82e9]
V  [jvm.dll+0x1334a6]
V  [jvm.dll+0x3f857e]
V  [jvm.dll+0x85f59d]
V  [jvm.dll+0x6d626d]
C  [ucrtbase.dll+0x37b0]
C  [KERNEL32.DLL+0x2e8d7]
C  [ntdll.dll+0x8c3fc]


---------------  P R O C E S S  ---------------

Threads class SMR info:
_java_thread_list=0x000001c2178b55f0, length=34, elements={
0x000001c1b4f3ef80, 0x000001c1b4ffac20, 0x000001c1b4ffc960, 0x000001c1b4eb60e0,
0x000001c1b4eb6d40, 0x000001c1b4eb97b0, 0x000001c1b4eba210, 0x000001c1b4ebd060,
0x000001c1b4eeaab0, 0x000001c20e400590, 0x000001c20e5338b0, 0x000001c20edf8b40,
0x000001c20e62f750, 0x000001c213151af0, 0x000001c213152560, 0x000001c2131fe6d0,
0x000001c2134d2f60, 0x000001c2133fa060, 0x000001c2139dc4e0, 0x000001c2139da410,
0x000001c2139dbe50, 0x000001c2139d9060, 0x000001c2139daaa0, 0x000001c2139db130,
0x000001c213231cd0, 0x000001c213230fb0, 0x000001c2132329f0, 0x000001c213233710,
0x000001c213234ac0, 0x000001c213231640, 0x000001c213235150, 0x000001c213234430,
0x000001c2132357e0, 0x000001c213233da0
}

Java Threads: ( => current thread )
  0x000001c1b4f3ef80 JavaThread "main"                              [_thread_blocked, id=2992, stack(0x0000005813100000,0x0000005813200000) (1024K)]
  0x000001c1b4ffac20 JavaThread "Reference Handler"          daemon [_thread_blocked, id=22716, stack(0x0000005813500000,0x0000005813600000) (1024K)]
  0x000001c1b4ffc960 JavaThread "Finalizer"                  daemon [_thread_blocked, id=10020, stack(0x0000005813600000,0x0000005813700000) (1024K)]
  0x000001c1b4eb60e0 JavaThread "Signal Dispatcher"          daemon [_thread_blocked, id=12636, stack(0x0000005813700000,0x0000005813800000) (1024K)]
=>0x000001c1b4eb6d40 JavaThread "Attach Listener"            daemon [_thread_in_vm, id=14756, stack(0x0000005813800000,0x0000005813900000) (1024K)]
  0x000001c1b4eb97b0 JavaThread "Service Thread"             daemon [_thread_blocked, id=21064, stack(0x0000005813900000,0x0000005813a00000) (1024K)]
  0x000001c1b4eba210 JavaThread "Monitor Deflation Thread"   daemon [_thread_blocked, id=16424, stack(0x0000005813a00000,0x0000005813b00000) (1024K)]
  0x000001c1b4ebd060 JavaThread "C2 CompilerThread0"         daemon [_thread_blocked, id=12340, stack(0x0000005813b00000,0x0000005813c00000) (1024K)]
  0x000001c1b4eeaab0 JavaThread "C1 CompilerThread0"         daemon [_thread_blocked, id=10192, stack(0x0000005813c00000,0x0000005813d00000) (1024K)]
  0x000001c20e400590 JavaThread "Common-Cleaner"             daemon [_thread_blocked, id=22412, stack(0x0000005813d00000,0x0000005813e00000) (1024K)]
  0x000001c20e5338b0 JavaThread "Notification Thread"        daemon [_thread_blocked, id=21540, stack(0x0000005813e00000,0x0000005813f00000) (1024K)]
  0x000001c20edf8b40 JavaThread "Active Thread: Equinox Container: a9f7c328-de77-42d1-af4c-f38e7a83bbff"        [_thread_blocked, id=23012, stack(0x0000005814600000,0x0000005814700000) (1024K)]
  0x000001c20e62f750 JavaThread "Refresh Thread: Equinox Container: a9f7c328-de77-42d1-af4c-f38e7a83bbff" daemon [_thread_blocked, id=6068, stack(0x0000005814800000,0x0000005814900000) (1024K)]
  0x000001c213151af0 JavaThread "Framework Event Dispatcher: Equinox Container: a9f7c328-de77-42d1-af4c-f38e7a83bbff" daemon [_thread_blocked, id=24340, stack(0x0000005814900000,0x0000005814a00000) (1024K)]
  0x000001c213152560 JavaThread "Start Level: Equinox Container: a9f7c328-de77-42d1-af4c-f38e7a83bbff" daemon [_thread_blocked, id=15084, stack(0x0000005814a00000,0x0000005814b00000) (1024K)]
  0x000001c2131fe6d0 JavaThread "Bundle File Closer"         daemon [_thread_blocked, id=14016, stack(0x0000005814b00000,0x0000005814c00000) (1024K)]
  0x000001c2134d2f60 JavaThread "SCR Component Actor"        daemon [_thread_blocked, id=20668, stack(0x0000005814c00000,0x0000005814d00000) (1024K)]
  0x000001c2133fa060 JavaThread "Worker-JM"                         [_thread_blocked, id=24412, stack(0x0000005814d00000,0x0000005814e00000) (1024K)]
  0x000001c2139dc4e0 JavaThread "JNA Cleaner"                daemon [_thread_blocked, id=23376, stack(0x0000005814e00000,0x0000005814f00000) (1024K)]
  0x000001c2139da410 JavaThread "Worker-0"                          [_thread_blocked, id=22288, stack(0x0000005814f00000,0x0000005815000000) (1024K)]
  0x000001c2139dbe50 JavaThread "Worker-1"                          [_thread_blocked, id=18504, stack(0x0000005815000000,0x0000005815100000) (1024K)]
  0x000001c2139d9060 JavaThread "Java indexing"              daemon [_thread_blocked, id=20540, stack(0x0000005815100000,0x0000005815200000) (1024K)]
  0x000001c2139daaa0 JavaThread "Thread-1"                   daemon [_thread_in_native, id=18388, stack(0x0000005815700000,0x0000005815800000) (1024K)]
  0x000001c2139db130 JavaThread "Thread-2"                   daemon [_thread_in_native, id=18768, stack(0x0000005815800000,0x0000005815900000) (1024K)]
  0x000001c213231cd0 JavaThread "Thread-3"                   daemon [_thread_in_native, id=3652, stack(0x0000005815900000,0x0000005815a00000) (1024K)]
  0x000001c213230fb0 JavaThread "Thread-4"                   daemon [_thread_in_native, id=13176, stack(0x0000005815a00000,0x0000005815b00000) (1024K)]
  0x000001c2132329f0 JavaThread "Thread-5"                   daemon [_thread_in_native, id=15964, stack(0x0000005815b00000,0x0000005815c00000) (1024K)]
  0x000001c213233710 JavaThread "Thread-6"                   daemon [_thread_in_native, id=13984, stack(0x0000005815c00000,0x0000005815d00000) (1024K)]
  0x000001c213234ac0 JavaThread "Thread-7"                   daemon [_thread_in_native, id=22920, stack(0x0000005815d00000,0x0000005815e00000) (1024K)]
  0x000001c213231640 JavaThread "Thread-8"                   daemon [_thread_in_native, id=22404, stack(0x0000005815e00000,0x0000005815f00000) (1024K)]
  0x000001c213235150 JavaThread "Thread-9"                   daemon [_thread_in_native, id=20244, stack(0x0000005815f00000,0x0000005816000000) (1024K)]
  0x000001c213234430 JavaThread "pool-2-thread-1"                   [_thread_blocked, id=3696, stack(0x0000005816000000,0x0000005816100000) (1024K)]
  0x000001c2132357e0 JavaThread "WorkspaceEventsHandler"            [_thread_blocked, id=13720, stack(0x0000005816100000,0x0000005816200000) (1024K)]
  0x000001c213233da0 JavaThread "pool-1-thread-1"                   [_thread_blocked, id=15532, stack(0x0000005816200000,0x0000005816300000) (1024K)]
Total: 34

Other Threads:
  0x000001c1b4fde770 VMThread "VM Thread"                           [id=10092, stack(0x0000005813400000,0x0000005813500000) (1024K)]
  0x000001c1b4facdf0 WatcherThread "VM Periodic Task Thread"        [id=10712, stack(0x0000005813300000,0x0000005813400000) (1024K)]
  0x000001c1b4f5d2a0 WorkerThread "GC Thread#0"                     [id=17908, stack(0x0000005813200000,0x0000005813300000) (1024K)]
  0x000001c20ecfb1d0 WorkerThread "GC Thread#1"                     [id=24200, stack(0x0000005814000000,0x0000005814100000) (1024K)]
  0x000001c20ecfb580 WorkerThread "GC Thread#2"                     [id=24228, stack(0x0000005814100000,0x0000005814200000) (1024K)]
  0x000001c20ecfb930 WorkerThread "GC Thread#3"                     [id=22812, stack(0x0000005814200000,0x0000005814300000) (1024K)]
  0x000001c20e977ea0 WorkerThread "GC Thread#4"                     [id=12388, stack(0x0000005814300000,0x0000005814400000) (1024K)]
  0x000001c20e978250 WorkerThread "GC Thread#5"                     [id=18588, stack(0x0000005814400000,0x0000005814500000) (1024K)]
  0x000001c20e978600 WorkerThread "GC Thread#6"                     [id=22204, stack(0x0000005814500000,0x0000005814600000) (1024K)]
  0x000001c21313ff80 WorkerThread "GC Thread#7"                     [id=4156, stack(0x0000005814700000,0x0000005814800000) (1024K)]
Total: 10

Threads with active compile tasks:
Total: 0

VM state: not at safepoint (normal execution)

VM Mutex/Monitor currently owned by a thread: None

Heap address: 0x0000000080000000, size: 2048 MB, Compressed Oops mode: 32-bit

CDS archive(s) mapped at: [0x000001c1cc000000-0x000001c1ccba0000-0x000001c1ccba0000), size 12189696, SharedBaseAddress: 0x000001c1cc000000, ArchiveRelocationMode: 1.
Compressed class space mapped at: 0x000001c1cd000000-0x000001c20d000000, reserved size: 1073741824
Narrow klass base: 0x000001c1cc000000, Narrow klass shift: 0, Narrow klass range: 0x100000000

GC Precious Log:
 CardTable entry size: 512
 CPUs: 8 total, 8 available
 Memory: 7975M
 Large Page Support: Disabled
 NUMA Support: Disabled
 Compressed Oops: Enabled (32-bit)
 Alignments: Space 512K, Generation 512K, Heap 2M
 Heap Min Capacity: 100M
 Heap Initial Capacity: 100M
 Heap Max Capacity: 2G
 Pre-touch: Disabled
 Parallel Workers: 8

Heap:
 PSYoungGen      total 36352K, used 34024K [0x00000000d5580000, 0x00000000d7980000, 0x0000000100000000)
  eden space 35840K, 93% used [0x00000000d5580000,0x00000000d7656060,0x00000000d7880000)
  from space 512K, 78% used [0x00000000d7900000,0x00000000d7964010,0x00000000d7980000)
  to   space 512K, 0% used [0x00000000d7880000,0x00000000d7880000,0x00000000d7900000)
 ParOldGen       total 231424K, used 229119K [0x0000000080000000, 0x000000008e200000, 0x00000000d5580000)
  object space 231424K, 99% used [0x0000000080000000,0x000000008dfbff18,0x000000008e200000)
 Metaspace       used 68225K, committed 69760K, reserved 1114112K
  class space    used 7029K, committed 7744K, reserved 1048576K

Card table byte_map: [0x000001c1b48e0000,0x000001c1b4cf0000] _byte_map_base: 0x000001c1b44e0000

Marking Bits: (ParMarkBitMap*) 0x00007ff81cec3450
 Begin Bits: [0x000001c1c73f0000, 0x000001c1c93f0000)
 End Bits:   [0x000001c1c93f0000, 0x000001c1cb3f0000)

Polling page: 0x000001c1b2ce0000

Metaspace:

Usage:
  Non-class:     59.76 MB used.
      Class:      6.86 MB used.
       Both:     66.63 MB used.

Virtual space:
  Non-class space:       64.00 MB reserved,      60.56 MB ( 95%) committed,  1 nodes.
      Class space:        1.00 GB reserved,       7.56 MB ( <1%) committed,  1 nodes.
             Both:        1.06 GB reserved,      68.12 MB (  6%) committed. 

Chunk freelists:
   Non-Class:  3.42 MB
       Class:  8.34 MB
        Both:  11.76 MB

MaxMetaspaceSize: unlimited
CompressedClassSpaceSize: 1.00 GB
Initial GC threshold: 21.00 MB
Current GC threshold: 97.31 MB
CDS: on
 - commit_granule_bytes: 65536.
 - commit_granule_words: 8192.
 - virtual_space_node_default_size: 8388608.
 - enlarge_chunks_in_place: 1.
 - use_allocation_guard: 0.


Internal statistics:

num_allocs_failed_limit: 9.
num_arena_births: 1340.
num_arena_deaths: 22.
num_vsnodes_births: 2.
num_vsnodes_deaths: 0.
num_space_committed: 1090.
num_space_uncommitted: 0.
num_chunks_returned_to_freelist: 35.
num_chunks_taken_from_freelist: 4623.
num_chunk_merges: 16.
num_chunk_splits: 2822.
num_chunks_enlarged: 1579.
num_inconsistent_stats: 0.

CodeHeap 'non-profiled nmethods': size=120000Kb used=11803Kb max_used=11803Kb free=108196Kb
 bounds [0x000001c1bfc10000, 0x000001c1c07a0000, 0x000001c1c7140000]
CodeHeap 'profiled nmethods': size=120000Kb used=33175Kb max_used=33175Kb free=86824Kb
 bounds [0x000001c1b8140000, 0x000001c1ba1b0000, 0x000001c1bf670000]
CodeHeap 'non-nmethods': size=5760Kb used=1445Kb max_used=1520Kb free=4314Kb
 bounds [0x000001c1bf670000, 0x000001c1bf8e0000, 0x000001c1bfc10000]
CodeCache: size=245760Kb, used=46423Kb, max_used=46498Kb, free=199334Kb
 total_blobs=14452, nmethods=13708, adapters=647, full_count=0
Compilation: enabled, stopped_count=0, restarted_count=0

Compilation events (20 events):
Event: 1508.499 Thread 0x000001c1b4ebd060 nmethod 14467 0x000001c1c0793690 code [0x000001c1c07938e0, 0x000001c1c0794cc8]
Event: 1508.499 Thread 0x000001c1b4eeaab0 nmethod 14476 0x000001c1ba1a2e90 code [0x000001c1ba1a30c0, 0x000001c1ba1a37c0]
Event: 1508.499 Thread 0x000001c1b4eeaab0 14474       3       org.eclipse.core.internal.dtree.DataTreeNode::compareWith (74 bytes)
Event: 1508.499 Thread 0x000001c1b4ebd060 14454       4       org.eclipse.jdt.internal.core.ClasspathEntry::getExtraAttribute (58 bytes)
Event: 1508.500 Thread 0x000001c1b4eeaab0 nmethod 14474 0x000001c1ba1a3a90 code [0x000001c1ba1a3c80, 0x000001c1ba1a41f0]
Event: 1508.500 Thread 0x000001c1b4eeaab0 14477       1       org.eclipse.core.internal.jobs.InternalJob::setThread (6 bytes)
Event: 1508.500 Thread 0x000001c1b4eeaab0 nmethod 14477 0x000001c1c0795790 code [0x000001c1c0795920, 0x000001c1c0795a08]
Event: 1508.504 Thread 0x000001c1b4ebd060 nmethod 14454 0x000001c1c0795a90 code [0x000001c1c0795c40, 0x000001c1c0795f28]
Event: 1508.504 Thread 0x000001c1b4ebd060 14469       4       com.sun.org.apache.xerces.internal.dom.AttrImpl::getNodeName (16 bytes)
Event: 1508.505 Thread 0x000001c1b4ebd060 nmethod 14469 0x000001c1c0796110 code [0x000001c1c07962a0, 0x000001c1c0796390]
Event: 1508.505 Thread 0x000001c1b4ebd060 14457       4       com.sun.org.apache.xerces.internal.impl.XMLEntityScanner::scanChar (265 bytes)
Event: 1508.507 Thread 0x000001c1b4ebd060 nmethod 14457 0x000001c1c0796490 code [0x000001c1c0796620, 0x000001c1c07967e0]
Event: 1686.198 Thread 0x000001c1b4eeaab0 14478       1       com.sun.jna.internal.Cleaner::access$100 (5 bytes)
Event: 1686.200 Thread 0x000001c1b4eeaab0 nmethod 14478 0x000001c1c0796990 code [0x000001c1c0796b20, 0x000001c1c0796bd0]
Event: 1746.206 Thread 0x000001c1b4eeaab0 14479   !   3       java.util.concurrent.locks.AbstractQueuedSynchronizer$ConditionObject::newConditionNode (78 bytes)
Event: 1746.208 Thread 0x000001c1b4eeaab0 nmethod 14479 0x000001c1ba1a4490 code [0x000001c1ba1a4700, 0x000001c1ba1a4ee0]
Event: 1746.208 Thread 0x000001c1b4eeaab0 14480       3       java.util.concurrent.locks.AbstractQueuedSynchronizer$ConditionObject::enableWait (84 bytes)
Event: 1746.208 Thread 0x000001c1b4eeaab0 nmethod 14480 0x000001c1ba1a5190 code [0x000001c1ba1a53a0, 0x000001c1ba1a59d8]
Event: 1746.208 Thread 0x000001c1b4eeaab0 14481       3       java.util.concurrent.locks.AbstractQueuedSynchronizer$Node::setStatusRelaxed (12 bytes)
Event: 1746.209 Thread 0x000001c1b4eeaab0 nmethod 14481 0x000001c1ba1a5c10 code [0x000001c1ba1a5da0, 0x000001c1ba1a5eb8]

GC Heap History (20 events):
Event: 613.461 GC heap before
{Heap before GC invocations=100 (full 3):
 PSYoungGen      total 28672K, used 28415K [0x00000000d5580000, 0x00000000d7700000, 0x0000000100000000)
  eden space 28160K, 99% used [0x00000000d5580000,0x00000000d70fffd0,0x00000000d7100000)
  from space 512K, 50% used [0x00000000d7680000,0x00000000d76c0000,0x00000000d7700000)
  to   space 1024K, 0% used [0x00000000d7500000,0x00000000d7500000,0x00000000d7600000)
 ParOldGen       total 168448K, used 168148K [0x0000000080000000, 0x000000008a480000, 0x00000000d5580000)
  object space 168448K, 99% used [0x0000000080000000,0x000000008a4353a8,0x000000008a480000)
 Metaspace       used 65539K, committed 67136K, reserved 1114112K
  class space    used 6766K, committed 7488K, reserved 1048576K
}
Event: 613.464 GC heap after
{Heap after GC invocations=100 (full 3):
 PSYoungGen      total 28672K, used 1004K [0x00000000d5580000, 0x00000000d7700000, 0x0000000100000000)
  eden space 27648K, 0% used [0x00000000d5580000,0x00000000d5580000,0x00000000d7080000)
  from space 1024K, 98% used [0x00000000d7500000,0x00000000d75fb398,0x00000000d7600000)
  to   space 1024K, 0% used [0x00000000d7600000,0x00000000d7600000,0x00000000d7700000)
 ParOldGen       total 169472K, used 169344K [0x0000000080000000, 0x000000008a580000, 0x00000000d5580000)
  object space 169472K, 99% used [0x0000000080000000,0x000000008a560190,0x000000008a580000)
 Metaspace       used 65539K, committed 67136K, reserved 1114112K
  class space    used 6766K, committed 7488K, reserved 1048576K
}
Event: 760.854 GC heap before
{Heap before GC invocations=101 (full 3):
 PSYoungGen      total 28672K, used 28652K [0x00000000d5580000, 0x00000000d7700000, 0x0000000100000000)
  eden space 27648K, 100% used [0x00000000d5580000,0x00000000d7080000,0x00000000d7080000)
  from space 1024K, 98% used [0x00000000d7500000,0x00000000d75fb398,0x00000000d7600000)
  to   space 1024K, 0% used [0x00000000d7600000,0x00000000d7600000,0x00000000d7700000)
 ParOldGen       total 169472K, used 169344K [0x0000000080000000, 0x000000008a580000, 0x00000000d5580000)
  object space 169472K, 99% used [0x0000000080000000,0x000000008a560190,0x000000008a580000)
 Metaspace       used 65607K, committed 67200K, reserved 1114112K
  class space    used 6767K, committed 7488K, reserved 1048576K
}
Event: 760.858 GC heap after
{Heap after GC invocations=101 (full 3):
 PSYoungGen      total 28160K, used 1024K [0x00000000d5580000, 0x00000000d7700000, 0x0000000100000000)
  eden space 27136K, 0% used [0x00000000d5580000,0x00000000d5580000,0x00000000d7000000)
  from space 1024K, 100% used [0x00000000d7600000,0x00000000d7700000,0x00000000d7700000)
  to   space 2560K, 0% used [0x00000000d7200000,0x00000000d7200000,0x00000000d7480000)
 ParOldGen       total 170496K, used 170490K [0x0000000080000000, 0x000000008a680000, 0x00000000d5580000)
  object space 170496K, 99% used [0x0000000080000000,0x000000008a67e908,0x000000008a680000)
 Metaspace       used 65607K, committed 67200K, reserved 1114112K
  class space    used 6767K, committed 7488K, reserved 1048576K
}
Event: 1030.174 GC heap before
{Heap before GC invocations=102 (full 3):
 PSYoungGen      total 28160K, used 28160K [0x00000000d5580000, 0x00000000d7700000, 0x0000000100000000)
  eden space 27136K, 100% used [0x00000000d5580000,0x00000000d7000000,0x00000000d7000000)
  from space 1024K, 100% used [0x00000000d7600000,0x00000000d7700000,0x00000000d7700000)
  to   space 2560K, 0% used [0x00000000d7200000,0x00000000d7200000,0x00000000d7480000)
 ParOldGen       total 170496K, used 170490K [0x0000000080000000, 0x000000008a680000, 0x00000000d5580000)
  object space 170496K, 99% used [0x0000000080000000,0x000000008a67e908,0x000000008a680000)
 Metaspace       used 65696K, committed 67264K, reserved 1114112K
  class space    used 6768K, committed 7488K, reserved 1048576K
}
Event: 1030.187 GC heap after
{Heap after GC invocations=102 (full 3):
 PSYoungGen      total 28672K, used 1972K [0x00000000d5580000, 0x00000000d7680000, 0x0000000100000000)
  eden space 26624K, 0% used [0x00000000d5580000,0x00000000d5580000,0x00000000d6f80000)
  from space 2048K, 96% used [0x00000000d7200000,0x00000000d73ed200,0x00000000d7400000)
  to   space 2560K, 0% used [0x00000000d7400000,0x00000000d7400000,0x00000000d7680000)
 ParOldGen       total 171520K, used 171452K [0x0000000080000000, 0x000000008a780000, 0x00000000d5580000)
  object space 171520K, 99% used [0x0000000080000000,0x000000008a76f098,0x000000008a780000)
 Metaspace       used 65696K, committed 67264K, reserved 1114112K
  class space    used 6768K, committed 7488K, reserved 1048576K
}
Event: 1208.516 GC heap before
{Heap before GC invocations=103 (full 3):
 PSYoungGen      total 28672K, used 28596K [0x00000000d5580000, 0x00000000d7680000, 0x0000000100000000)
  eden space 26624K, 100% used [0x00000000d5580000,0x00000000d6f80000,0x00000000d6f80000)
  from space 2048K, 96% used [0x00000000d7200000,0x00000000d73ed200,0x00000000d7400000)
  to   space 2560K, 0% used [0x00000000d7400000,0x00000000d7400000,0x00000000d7680000)
 ParOldGen       total 171520K, used 171452K [0x0000000080000000, 0x000000008a780000, 0x00000000d5580000)
  object space 171520K, 99% used [0x0000000080000000,0x000000008a76f098,0x000000008a780000)
 Metaspace       used 67012K, committed 68608K, reserved 1114112K
  class space    used 6923K, committed 7616K, reserved 1048576K
}
Event: 1208.522 GC heap after
{Heap after GC invocations=103 (full 3):
 PSYoungGen      total 28160K, used 1888K [0x00000000d5580000, 0x00000000d7600000, 0x0000000100000000)
  eden space 26112K, 0% used [0x00000000d5580000,0x00000000d5580000,0x00000000d6f00000)
  from space 2048K, 92% used [0x00000000d7400000,0x00000000d75d8000,0x00000000d7600000)
  to   space 2048K, 0% used [0x00000000d7200000,0x00000000d7200000,0x00000000d7400000)
 ParOldGen       total 173568K, used 173125K [0x0000000080000000, 0x000000008a980000, 0x00000000d5580000)
  object space 173568K, 99% used [0x0000000080000000,0x000000008a9116f8,0x000000008a980000)
 Metaspace       used 67012K, committed 68608K, reserved 1114112K
  class space    used 6923K, committed 7616K, reserved 1048576K
}
Event: 1208.706 GC heap before
{Heap before GC invocations=104 (full 3):
 PSYoungGen      total 28160K, used 27679K [0x00000000d5580000, 0x00000000d7600000, 0x0000000100000000)
  eden space 26112K, 98% used [0x00000000d5580000,0x00000000d6eaff80,0x00000000d6f00000)
  from space 2048K, 92% used [0x00000000d7400000,0x00000000d75d8000,0x00000000d7600000)
  to   space 2048K, 0% used [0x00000000d7200000,0x00000000d7200000,0x00000000d7400000)
 ParOldGen       total 173568K, used 173125K [0x0000000080000000, 0x000000008a980000, 0x00000000d5580000)
  object space 173568K, 99% used [0x0000000080000000,0x000000008a9116f8,0x000000008a980000)
 Metaspace       used 67567K, committed 69184K, reserved 1114112K
  class space    used 6987K, committed 7680K, reserved 1048576K
}
Event: 1208.717 GC heap after
{Heap after GC invocations=104 (full 3):
 PSYoungGen      total 26624K, used 517K [0x00000000d5580000, 0x00000000d7480000, 0x0000000100000000)
  eden space 25600K, 0% used [0x00000000d5580000,0x00000000d5580000,0x00000000d6e80000)
  from space 1024K, 50% used [0x00000000d7200000,0x00000000d7281440,0x00000000d7300000)
  to   space 1536K, 0% used [0x00000000d7300000,0x00000000d7300000,0x00000000d7480000)
 ParOldGen       total 195072K, used 194023K [0x0000000080000000, 0x000000008be80000, 0x00000000d5580000)
  object space 195072K, 99% used [0x0000000080000000,0x000000008bd79ea8,0x000000008be80000)
 Metaspace       used 67567K, committed 69184K, reserved 1114112K
  class space    used 6987K, committed 7680K, reserved 1048576K
}
Event: 1208.725 GC heap before
{Heap before GC invocations=105 (full 3):
 PSYoungGen      total 26624K, used 20137K [0x00000000d5580000, 0x00000000d7480000, 0x0000000100000000)
  eden space 25600K, 76% used [0x00000000d5580000,0x00000000d68a92b0,0x00000000d6e80000)
  from space 1024K, 50% used [0x00000000d7200000,0x00000000d7281440,0x00000000d7300000)
  to   space 1536K, 0% used [0x00000000d7300000,0x00000000d7300000,0x00000000d7480000)
 ParOldGen       total 195072K, used 194023K [0x0000000080000000, 0x000000008be80000, 0x00000000d5580000)
  object space 195072K, 99% used [0x0000000080000000,0x000000008bd79ea8,0x000000008be80000)
 Metaspace       used 67592K, committed 69184K, reserved 1114112K
  class space    used 6989K, committed 7680K, reserved 1048576K
}
Event: 1208.730 GC heap after
{Heap after GC invocations=105 (full 3):
 PSYoungGen      total 25600K, used 208K [0x00000000d5580000, 0x00000000d7380000, 0x0000000100000000)
  eden space 25088K, 0% used [0x00000000d5580000,0x00000000d5580000,0x00000000d6e00000)
  from space 512K, 40% used [0x00000000d7300000,0x00000000d7334010,0x00000000d7380000)
  to   space 512K, 0% used [0x00000000d7280000,0x00000000d7280000,0x00000000d7300000)
 ParOldGen       total 203264K, used 202103K [0x0000000080000000, 0x000000008c680000, 0x00000000d5580000)
  object space 203264K, 99% used [0x0000000080000000,0x000000008c55deb8,0x000000008c680000)
 Metaspace       used 67592K, committed 69184K, reserved 1114112K
  class space    used 6989K, committed 7680K, reserved 1048576K
}
Event: 1208.738 GC heap before
{Heap before GC invocations=106 (full 3):
 PSYoungGen      total 25600K, used 23689K [0x00000000d5580000, 0x00000000d7380000, 0x0000000100000000)
  eden space 25088K, 93% used [0x00000000d5580000,0x00000000d6c6e730,0x00000000d6e00000)
  from space 512K, 40% used [0x00000000d7300000,0x00000000d7334010,0x00000000d7380000)
  to   space 512K, 0% used [0x00000000d7280000,0x00000000d7280000,0x00000000d7300000)
 ParOldGen       total 203264K, used 202103K [0x0000000080000000, 0x000000008c680000, 0x00000000d5580000)
  object space 203264K, 99% used [0x0000000080000000,0x000000008c55deb8,0x000000008c680000)
 Metaspace       used 67592K, committed 69184K, reserved 1114112K
  class space    used 6989K, committed 7680K, reserved 1048576K
}
Event: 1208.739 GC heap after
{Heap after GC invocations=106 (full 3):
 PSYoungGen      total 25088K, used 224K [0x00000000d5580000, 0x00000000d7380000, 0x0000000100000000)
  eden space 24576K, 0% used [0x00000000d5580000,0x00000000d5580000,0x00000000d6d80000)
  from space 512K, 43% used [0x00000000d7280000,0x00000000d72b8000,0x00000000d7300000)
  to   space 512K, 0% used [0x00000000d7300000,0x00000000d7300000,0x00000000d7380000)
 ParOldGen       total 203264K, used 202135K [0x0000000080000000, 0x000000008c680000, 0x00000000d5580000)
  object space 203264K, 99% used [0x0000000080000000,0x000000008c565eb8,0x000000008c680000)
 Metaspace       used 67592K, committed 69184K, reserved 1114112K
  class space    used 6989K, committed 7680K, reserved 1048576K
}
Event: 1208.742 GC heap before
{Heap before GC invocations=107 (full 3):
 PSYoungGen      total 25088K, used 19875K [0x00000000d5580000, 0x00000000d7380000, 0x0000000100000000)
  eden space 24576K, 79% used [0x00000000d5580000,0x00000000d68b0dc8,0x00000000d6d80000)
  from space 512K, 43% used [0x00000000d7280000,0x00000000d72b8000,0x00000000d7300000)
  to   space 512K, 0% used [0x00000000d7300000,0x00000000d7300000,0x00000000d7380000)
 ParOldGen       total 203264K, used 202135K [0x0000000080000000, 0x000000008c680000, 0x00000000d5580000)
  object space 203264K, 99% used [0x0000000080000000,0x000000008c565eb8,0x000000008c680000)
 Metaspace       used 67592K, committed 69184K, reserved 1114112K
  class space    used 6989K, committed 7680K, reserved 1048576K
}
Event: 1208.750 GC heap after
{Heap after GC invocations=107 (full 3):
 PSYoungGen      total 30208K, used 32K [0x00000000d5580000, 0x00000000d7380000, 0x0000000100000000)
  eden space 29696K, 0% used [0x00000000d5580000,0x00000000d5580000,0x00000000d7280000)
  from space 512K, 6% used [0x00000000d7300000,0x00000000d7308000,0x00000000d7380000)
  to   space 512K, 0% used [0x00000000d7280000,0x00000000d7280000,0x00000000d7300000)
 ParOldGen       total 223232K, used 221423K [0x0000000080000000, 0x000000008da00000, 0x00000000d5580000)
  object space 223232K, 99% used [0x0000000080000000,0x000000008d83bf08,0x000000008da00000)
 Metaspace       used 67592K, committed 69184K, reserved 1114112K
  class space    used 6989K, committed 7680K, reserved 1048576K
}
Event: 1208.756 GC heap before
{Heap before GC invocations=108 (full 3):
 PSYoungGen      total 30208K, used 19790K [0x00000000d5580000, 0x00000000d7380000, 0x0000000100000000)
  eden space 29696K, 66% used [0x00000000d5580000,0x00000000d68cba58,0x00000000d7280000)
  from space 512K, 6% used [0x00000000d7300000,0x00000000d7308000,0x00000000d7380000)
  to   space 512K, 0% used [0x00000000d7280000,0x00000000d7280000,0x00000000d7300000)
 ParOldGen       total 223232K, used 221423K [0x0000000080000000, 0x000000008da00000, 0x00000000d5580000)
  object space 223232K, 99% used [0x0000000080000000,0x000000008d83bf08,0x000000008da00000)
 Metaspace       used 67592K, committed 69184K, reserved 1114112K
  class space    used 6989K, committed 7680K, reserved 1048576K
}
Event: 1208.761 GC heap after
{Heap after GC invocations=108 (full 3):
 PSYoungGen      total 30208K, used 128K [0x00000000d5580000, 0x00000000d7980000, 0x0000000100000000)
  eden space 29696K, 0% used [0x00000000d5580000,0x00000000d5580000,0x00000000d7280000)
  from space 512K, 25% used [0x00000000d7280000,0x00000000d72a0000,0x00000000d7300000)
  to   space 512K, 0% used [0x00000000d7900000,0x00000000d7900000,0x00000000d7980000)
 ParOldGen       total 231424K, used 229103K [0x0000000080000000, 0x000000008e200000, 0x00000000d5580000)
  object space 231424K, 98% used [0x0000000080000000,0x000000008dfbbf18,0x000000008e200000)
 Metaspace       used 67592K, committed 69184K, reserved 1114112K
  class space    used 6989K, committed 7680K, reserved 1048576K
}
Event: 1307.433 GC heap before
{Heap before GC invocations=109 (full 3):
 PSYoungGen      total 30208K, used 29824K [0x00000000d5580000, 0x00000000d7980000, 0x0000000100000000)
  eden space 29696K, 100% used [0x00000000d5580000,0x00000000d7280000,0x00000000d7280000)
  from space 512K, 25% used [0x00000000d7280000,0x00000000d72a0000,0x00000000d7300000)
  to   space 512K, 0% used [0x00000000d7900000,0x00000000d7900000,0x00000000d7980000)
 ParOldGen       total 231424K, used 229103K [0x0000000080000000, 0x000000008e200000, 0x00000000d5580000)
  object space 231424K, 98% used [0x0000000080000000,0x000000008dfbbf18,0x000000008e200000)
 Metaspace       used 67792K, committed 69376K, reserved 1114112K
  class space    used 6997K, committed 7744K, reserved 1048576K
}
Event: 1307.436 GC heap after
{Heap after GC invocations=109 (full 3):
 PSYoungGen      total 36352K, used 400K [0x00000000d5580000, 0x00000000d7980000, 0x0000000100000000)
  eden space 35840K, 0% used [0x00000000d5580000,0x00000000d5580000,0x00000000d7880000)
  from space 512K, 78% used [0x00000000d7900000,0x00000000d7964010,0x00000000d7980000)
  to   space 512K, 0% used [0x00000000d7880000,0x00000000d7880000,0x00000000d7900000)
 ParOldGen       total 231424K, used 229119K [0x0000000080000000, 0x000000008e200000, 0x00000000d5580000)
  object space 231424K, 99% used [0x0000000080000000,0x000000008dfbff18,0x000000008e200000)
 Metaspace       used 67792K, committed 69376K, reserved 1114112K
  class space    used 6997K, committed 7744K, reserved 1048576K
}

Dll operation events (10 events):
Event: 0.018 Loaded shared library c:\Users\Lenovo\.vscode\extensions\redhat.java-1.53.0-win32-x64\jre\21.0.10-win32-x86_64\bin\java.dll
Event: 0.152 Loaded shared library c:\Users\Lenovo\.vscode\extensions\redhat.java-1.53.0-win32-x64\jre\21.0.10-win32-x86_64\bin\zip.dll
Event: 0.205 Loaded shared library C:\Users\Lenovo\.vscode\extensions\redhat.java-1.53.0-win32-x64\jre\21.0.10-win32-x86_64\bin\instrument.dll
Event: 0.212 Loaded shared library C:\Users\Lenovo\.vscode\extensions\redhat.java-1.53.0-win32-x64\jre\21.0.10-win32-x86_64\bin\net.dll
Event: 0.216 Loaded shared library C:\Users\Lenovo\.vscode\extensions\redhat.java-1.53.0-win32-x64\jre\21.0.10-win32-x86_64\bin\nio.dll
Event: 0.221 Loaded shared library C:\Users\Lenovo\.vscode\extensions\redhat.java-1.53.0-win32-x64\jre\21.0.10-win32-x86_64\bin\zip.dll
Event: 0.260 Loaded shared library C:\Users\Lenovo\.vscode\extensions\redhat.java-1.53.0-win32-x64\jre\21.0.10-win32-x86_64\bin\jimage.dll
Event: 0.384 Loaded shared library c:\Users\Lenovo\.vscode\extensions\redhat.java-1.53.0-win32-x64\jre\21.0.10-win32-x86_64\bin\verify.dll
Event: 2.223 Loaded shared library C:\Users\Lenovo\AppData\Roaming\Code\User\globalStorage\redhat.java\1.53.0\config_win\org.eclipse.equinox.launcher\org.eclipse.equinox.launcher.win32.win32.x86_64_1.3.0.v20260203-2149\eclipse_11919.dll
Event: 3.916 Loaded shared library C:\Users\Lenovo\AppData\Local\Temp\jna--2022488749\jna16286747623252420429.dll

Deoptimization events (20 events):
Event: 1508.209 Thread 0x000001c2139da410 Uncommon trap: trap_request=0xffffffde fr.pc=0x000001c1c02309e4 relative=0x0000000000000424
Event: 1508.209 Thread 0x000001c2139da410 Uncommon trap: reason=class_check action=maybe_recompile pc=0x000001c1c02309e4 method=java.io.DataOutputStream.writeInt(I)V @ 19 c2
Event: 1508.209 Thread 0x000001c2139da410 DEOPT PACKING pc=0x000001c1c02309e4 sp=0x0000005814ffda70
Event: 1508.209 Thread 0x000001c2139da410 DEOPT UNPACKING pc=0x000001c1bf6c6da2 sp=0x0000005814ffda18 mode 2
Event: 1508.287 Thread 0x000001c2139da410 Uncommon trap: trap_request=0xffffffde fr.pc=0x000001c1c02309e4 relative=0x0000000000000424
Event: 1508.287 Thread 0x000001c2139da410 Uncommon trap: reason=class_check action=maybe_recompile pc=0x000001c1c02309e4 method=java.io.DataOutputStream.writeInt(I)V @ 19 c2
Event: 1508.287 Thread 0x000001c2139da410 DEOPT PACKING pc=0x000001c1c02309e4 sp=0x0000005814fff120
Event: 1508.287 Thread 0x000001c2139da410 DEOPT UNPACKING pc=0x000001c1bf6c6da2 sp=0x0000005814fff0c8 mode 2
Event: 1508.287 Thread 0x000001c2139da410 Uncommon trap: trap_request=0xffffffde fr.pc=0x000001c1c02309e4 relative=0x0000000000000424
Event: 1508.287 Thread 0x000001c2139da410 Uncommon trap: reason=class_check action=maybe_recompile pc=0x000001c1c02309e4 method=java.io.DataOutputStream.writeInt(I)V @ 19 c2
Event: 1508.287 Thread 0x000001c2139da410 DEOPT PACKING pc=0x000001c1c02309e4 sp=0x0000005814ffefd0
Event: 1508.287 Thread 0x000001c2139da410 DEOPT UNPACKING pc=0x000001c1bf6c6da2 sp=0x0000005814ffef78 mode 2
Event: 1508.290 Thread 0x000001c2139da410 Uncommon trap: trap_request=0xffffffde fr.pc=0x000001c1c02309e4 relative=0x0000000000000424
Event: 1508.290 Thread 0x000001c2139da410 Uncommon trap: reason=class_check action=maybe_recompile pc=0x000001c1c02309e4 method=java.io.DataOutputStream.writeInt(I)V @ 19 c2
Event: 1508.290 Thread 0x000001c2139da410 DEOPT PACKING pc=0x000001c1c02309e4 sp=0x0000005814ffeca0
Event: 1508.290 Thread 0x000001c2139da410 DEOPT UNPACKING pc=0x000001c1bf6c6da2 sp=0x0000005814ffec48 mode 2
Event: 1508.320 Thread 0x000001c2139da410 Uncommon trap: trap_request=0xffffffc6 fr.pc=0x000001c1c072921c relative=0x0000000000002d7c
Event: 1508.320 Thread 0x000001c2139da410 Uncommon trap: reason=bimorphic_or_optimized_type_check action=maybe_recompile pc=0x000001c1c072921c method=java.util.Properties.load0(Ljava/util/Properties$LineReader;)V @ 241 c2
Event: 1508.320 Thread 0x000001c2139da410 DEOPT PACKING pc=0x000001c1c072921c sp=0x0000005814ffef00
Event: 1508.320 Thread 0x000001c2139da410 DEOPT UNPACKING pc=0x000001c1bf6c6da2 sp=0x0000005814ffef10 mode 2

Classes loaded (20 events):
Event: 1208.723 Loading class java/nio/file/attribute/PosixFileAttributes
Event: 1208.724 Loading class java/nio/file/attribute/PosixFileAttributes done
Event: 1208.770 Loading class sun/nio/fs/WindowsFileCopy
Event: 1208.770 Loading class sun/nio/fs/WindowsFileCopy done
Event: 1508.087 Loading class java/util/stream/Nodes$CollectorTask$OfRef
Event: 1508.089 Loading class java/util/stream/Nodes$CollectorTask
Event: 1508.092 Loading class java/util/stream/Nodes$CollectorTask done
Event: 1508.092 Loading class java/util/stream/Nodes$CollectorTask$OfRef done
Event: 1508.092 Loading class java/util/function/LongFunction
Event: 1508.093 Loading class java/util/function/LongFunction done
Event: 1508.095 Loading class java/util/stream/Nodes$ConcNode
Event: 1508.096 Loading class java/util/stream/Nodes$AbstractConcNode
Event: 1508.098 Loading class java/util/stream/Nodes$AbstractConcNode done
Event: 1508.098 Loading class java/util/stream/Nodes$ConcNode done
Event: 1508.161 Loading class java/io/ObjectOutputStream$BlockDataOutputStream
Event: 1508.162 Loading class java/io/ObjectOutputStream$BlockDataOutputStream done
Event: 1508.162 Loading class java/io/ObjectOutputStream$HandleTable
Event: 1508.163 Loading class java/io/ObjectOutputStream$HandleTable done
Event: 1508.163 Loading class java/io/ObjectOutputStream$ReplaceTable
Event: 1508.163 Loading class java/io/ObjectOutputStream$ReplaceTable done

Classes unloaded (11 events):
Event: 4.643 Thread 0x000001c1b4fde770 Unloading class 0x000001c1cd1a5400 'java/lang/invoke/LambdaForm$MH+0x000001c1cd1a5400'
Event: 4.643 Thread 0x000001c1b4fde770 Unloading class 0x000001c1cd1a5000 'java/lang/invoke/LambdaForm$MH+0x000001c1cd1a5000'
Event: 4.643 Thread 0x000001c1b4fde770 Unloading class 0x000001c1cd1a4c00 'java/lang/invoke/LambdaForm$MH+0x000001c1cd1a4c00'
Event: 4.643 Thread 0x000001c1b4fde770 Unloading class 0x000001c1cd1a4800 'java/lang/invoke/LambdaForm$MH+0x000001c1cd1a4800'
Event: 4.643 Thread 0x000001c1b4fde770 Unloading class 0x000001c1cd1a4400 'java/lang/invoke/LambdaForm$BMH+0x000001c1cd1a4400'
Event: 4.643 Thread 0x000001c1b4fde770 Unloading class 0x000001c1cd1a4000 'java/lang/invoke/LambdaForm$DMH+0x000001c1cd1a4000'
Event: 4.643 Thread 0x000001c1b4fde770 Unloading class 0x000001c1cd1a2c00 'java/lang/invoke/LambdaForm$DMH+0x000001c1cd1a2c00'
Event: 12.921 Thread 0x000001c1b4fde770 Unloading class 0x000001c1cd62d000 'java/lang/invoke/LambdaForm$DMH+0x000001c1cd62d000'
Event: 12.921 Thread 0x000001c1b4fde770 Unloading class 0x000001c1cd62c800 'java/lang/invoke/LambdaForm$DMH+0x000001c1cd62c800'
Event: 12.921 Thread 0x000001c1b4fde770 Unloading class 0x000001c1cd62c400 'java/lang/invoke/LambdaForm$DMH+0x000001c1cd62c400'
Event: 12.921 Thread 0x000001c1b4fde770 Unloading class 0x000001c1cd62cc00 'java/lang/invoke/LambdaForm$DMH+0x000001c1cd62cc00'

Classes redefined (0 events):
No events

Internal exceptions (20 events):
Event: 42.205 Thread 0x000001c2139dbe50 Implicit null exception at 0x000001c1c02479cf to 0x000001c1c0247bb0
Event: 42.253 Thread 0x000001c2139dbe50 Exception <a 'java/lang/NoSuchMethodError'{0x00000000d69497e8}: 'java.lang.Object java.lang.invoke.DirectMethodHandle$Holder.invokeStatic(java.lang.Object, java.lang.Object, int, java.lang.Object, java.lang.Object)'> (0x00000000d69497e8) 
thrown [s\src\hotspot\share\interpreter\linkResolver.cpp, line 773]
Event: 43.375 Thread 0x000001c2139d9d80 Exception <a 'java/lang/IncompatibleClassChangeError'{0x00000000d6e77c20}: Found class java.lang.Object, but interface was expected> (0x00000000d6e77c20) 
thrown [s\src\hotspot\share\interpreter\linkResolver.cpp, line 840]
Event: 44.352 Thread 0x000001c2139d9d80 Implicit null exception at 0x000001c1c04632e9 to 0x000001c1c04633cc
Event: 185.427 Thread 0x000001c213233da0 Exception <a 'java/lang/IncompatibleClassChangeError'{0x00000000d5a6e4f8}: Found class java.lang.Object, but interface was expected> (0x00000000d5a6e4f8) 
thrown [s\src\hotspot\share\interpreter\linkResolver.cpp, line 840]
Event: 1207.910 Thread 0x000001c2132357e0 Exception <a 'sun/nio/fs/WindowsException'{0x00000000d56dedd0}> (0x00000000d56dedd0) 
thrown [s\src\hotspot\share\prims\jni.cpp, line 520]
Event: 1207.911 Thread 0x000001c2132357e0 Exception <a 'sun/nio/fs/WindowsException'{0x00000000d56df6f0}> (0x00000000d56df6f0) 
thrown [s\src\hotspot\share\prims\jni.cpp, line 520]
Event: 1208.272 Thread 0x000001c2139dbe50 Exception <a 'java/lang/NoSuchMethodError'{0x00000000d5e1ff08}: 'java.lang.Object java.lang.invoke.DirectMethodHandle$Holder.newInvokeSpecial(java.lang.Object, java.lang.Object, int, java.lang.Object, java.lang.Object)'> (0x00000000d5e1ff08) 
thrown [s\src\hotspot\share\interpreter\linkResolver.cpp, line 773]
Event: 1208.280 Thread 0x000001c2139dbe50 Exception <a 'java/lang/NoSuchMethodError'{0x00000000d5e39528}: 'java.lang.Object java.lang.invoke.DirectMethodHandle$Holder.invokeSpecial(java.lang.Object, java.lang.Object, java.lang.Object, int, java.lang.Object, java.lang.Object, java.lang.Object)'> (0x00000000d5e39528) 
thrown [s\src\hotspot\share\interpreter\linkResolver.cpp, line 773]
Event: 1208.307 Thread 0x000001c2139dbe50 Exception <a 'java/lang/NoSuchMethodError'{0x00000000d5ebeb78}: 'void java.lang.invoke.DirectMethodHandle$Holder.invokeStatic(java.lang.Object, int)'> (0x00000000d5ebeb78) 
thrown [s\src\hotspot\share\interpreter\linkResolver.cpp, line 773]
Event: 1208.415 Thread 0x000001c2139dbe50 Exception <a 'java/io/FileNotFoundException'{0x00000000d65c9e68}> (0x00000000d65c9e68) 
thrown [s\src\hotspot\share\prims\jni.cpp, line 520]
Event: 1208.416 Thread 0x000001c2139dbe50 Exception <a 'java/io/FileNotFoundException'{0x00000000d65cb110}> (0x00000000d65cb110) 
thrown [s\src\hotspot\share\prims\jni.cpp, line 520]
Event: 1208.416 Thread 0x000001c2139dbe50 Exception <a 'java/io/FileNotFoundException'{0x00000000d65cc108}> (0x00000000d65cc108) 
thrown [s\src\hotspot\share\prims\jni.cpp, line 520]
Event: 1208.512 Thread 0x000001c2139dbe50 Implicit null exception at 0x000001c1bff309f7 to 0x000001c1bff31934
Event: 1508.137 Thread 0x000001c2139da410 Implicit null exception at 0x000001c1c022cb4a to 0x000001c1c022dadc
Event: 1508.147 Thread 0x000001c2139da410 Exception <a 'sun/nio/fs/WindowsException'{0x00000000d73de448}> (0x00000000d73de448) 
thrown [s\src\hotspot\share\prims\jni.cpp, line 520]
Event: 1508.148 Thread 0x000001c2139da410 Exception <a 'sun/nio/fs/WindowsException'{0x00000000d73ded48}> (0x00000000d73ded48) 
thrown [s\src\hotspot\share\prims\jni.cpp, line 520]
Event: 1508.150 Thread 0x000001c2139da410 Implicit null exception at 0x000001c1c017fa86 to 0x000001c1c017fd24
Event: 1508.209 Thread 0x000001c2139da410 Exception <a 'java/lang/NoSuchMethodError'{0x00000000d748bdd8}: static [J.<clinit>()V> (0x00000000d748bdd8) 
thrown [s\src\hotspot\share\prims\jni.cpp, line 1111]
Event: 1508.296 Thread 0x000001c2139da410 Exception <a 'java/lang/NoSuchMethodError'{0x00000000d74bf670}: 'java.lang.Object java.lang.invoke.DirectMethodHandle$Holder.newInvokeSpecial(java.lang.Object, java.lang.Object, java.lang.Object, java.lang.Object, java.lang.Object, java.lang.Object, java.lang.Object, java.lang.Object)'> (0x00000000d74bf670) 
thrown [s\src\hotspot\share\interpreter\linkResolver.cpp, line 773]

ZGC Phase Switch (0 events):
No events

VM Operations (20 events):
Event: 1383.109 Executing non-safepoint VM operation: HandshakeAllThreads (HandshakeForDeflation)
Event: 1383.109 Executing non-safepoint VM operation: HandshakeAllThreads (HandshakeForDeflation) done
Event: 1383.109 Executing non-safepoint VM operation: RendezvousGCThreads
Event: 1383.109 Executing non-safepoint VM operation: RendezvousGCThreads done
Event: 1443.352 Executing non-safepoint VM operation: HandshakeAllThreads (HandshakeForDeflation)
Event: 1443.352 Executing non-safepoint VM operation: HandshakeAllThreads (HandshakeForDeflation) done
Event: 1443.352 Executing non-safepoint VM operation: RendezvousGCThreads
Event: 1443.352 Executing non-safepoint VM operation: RendezvousGCThreads done
Event: 1508.282 Executing non-safepoint VM operation: HandshakeAllThreads (Deoptimize)
Event: 1508.283 Executing non-safepoint VM operation: HandshakeAllThreads (Deoptimize) done
Event: 1508.283 Executing safepoint VM operation: Cleanup
Event: 1508.283 Executing safepoint VM operation: Cleanup done
Event: 1508.310 Executing non-safepoint VM operation: HandshakeAllThreads (Deoptimize)
Event: 1508.310 Executing non-safepoint VM operation: HandshakeAllThreads (Deoptimize) done
Event: 1509.312 Executing safepoint VM operation: Cleanup
Event: 1509.312 Executing safepoint VM operation: Cleanup done
Event: 1563.636 Executing non-safepoint VM operation: HandshakeAllThreads (HandshakeForDeflation)
Event: 1563.636 Executing non-safepoint VM operation: HandshakeAllThreads (HandshakeForDeflation) done
Event: 1563.636 Executing non-safepoint VM operation: RendezvousGCThreads
Event: 1563.636 Executing non-safepoint VM operation: RendezvousGCThreads done

Memory protections (0 events):
No events

Nmethod flushes (20 events):
Event: 12.937 Thread 0x000001c1b4fde770 flushing osr nmethod 0x000001c1b899aa10
Event: 12.937 Thread 0x000001c1b4fde770 flushing  nmethod 0x000001c1b89a4490
Event: 12.937 Thread 0x000001c1b4fde770 flushing  nmethod 0x000001c1b89bdf10
Event: 12.937 Thread 0x000001c1b4fde770 flushing  nmethod 0x000001c1b89cfb10
Event: 12.937 Thread 0x000001c1b4fde770 flushing  nmethod 0x000001c1b89d0490
Event: 12.937 Thread 0x000001c1b4fde770 flushing  nmethod 0x000001c1b89d1390
Event: 12.937 Thread 0x000001c1b4fde770 flushing  nmethod 0x000001c1b89d1710
Event: 12.937 Thread 0x000001c1b4fde770 flushing  nmethod 0x000001c1b89e9e10
Event: 12.937 Thread 0x000001c1b4fde770 flushing  nmethod 0x000001c1b89ea510
Event: 12.937 Thread 0x000001c1b4fde770 flushing  nmethod 0x000001c1b89eab10
Event: 12.937 Thread 0x000001c1b4fde770 flushing  nmethod 0x000001c1b89eb390
Event: 12.937 Thread 0x000001c1b4fde770 flushing  nmethod 0x000001c1b89eb710
Event: 12.937 Thread 0x000001c1b4fde770 flushing  nmethod 0x000001c1b89ed190
Event: 12.937 Thread 0x000001c1b4fde770 flushing  nmethod 0x000001c1b89f9610
Event: 12.937 Thread 0x000001c1b4fde770 flushing  nmethod 0x000001c1b8a11490
Event: 12.937 Thread 0x000001c1b4fde770 flushing  nmethod 0x000001c1b8a14190
Event: 12.937 Thread 0x000001c1b4fde770 flushing  nmethod 0x000001c1b8a36e10
Event: 12.937 Thread 0x000001c1b4fde770 flushing osr nmethod 0x000001c1b8a3ed10
Event: 12.937 Thread 0x000001c1b4fde770 flushing  nmethod 0x000001c1b8a82c90
Event: 12.937 Thread 0x000001c1b4fde770 flushing  nmethod 0x000001c1b8a91990

Events (20 events):
Event: 1208.459 Thread 0x000001c2139dbe50 Thread added: 0x000001c2171e1a30
Event: 1208.459 Thread 0x000001c2139dbe50 Thread added: 0x000001c2171e0680
Event: 1208.459 Thread 0x000001c2139dbe50 Thread added: 0x000001c2171e0d10
Event: 1208.493 Thread 0x000001c2171df960 Thread exited: 0x000001c2171df960
Event: 1208.493 Thread 0x000001c2171e0d10 Thread exited: 0x000001c2171e0d10
Event: 1208.493 Thread 0x000001c2171e0680 Thread exited: 0x000001c2171e0680
Event: 1208.493 Thread 0x000001c2171dfff0 Thread exited: 0x000001c2171dfff0
Event: 1208.493 Thread 0x000001c2171e1a30 Thread exited: 0x000001c2171e1a30
Event: 1208.766 Thread 0x000001c20ea69c10 Thread exited: 0x000001c20ea69c10
Event: 1213.915 Thread 0x000001c2235b2010 Thread exited: 0x000001c2235b2010
Event: 1307.358 Thread 0x000001c1b4eeaab0 Thread added: 0x000001c20e971eb0
Event: 1307.604 Thread 0x000001c20e971eb0 Thread exited: 0x000001c20e971eb0
Event: 1373.282 Thread 0x000001c2139da410 Thread added: 0x000001c2171e1a30
Event: 1373.323 Thread 0x000001c1b4eeaab0 Thread added: 0x000001c20e971eb0
Event: 1378.559 Thread 0x000001c20e971eb0 Thread exited: 0x000001c20e971eb0
Event: 1433.289 Thread 0x000001c2171e1a30 Thread exited: 0x000001c2171e1a30
Event: 1508.079 Thread 0x000001c2139da410 Thread added: 0x000001c2171e0680
Event: 1508.099 Thread 0x000001c2171e0680 Thread exited: 0x000001c2171e0680
Event: 1508.152 Thread 0x000001c2139da410 Thread added: 0x000001c2171e0680
Event: 1508.155 Thread 0x000001c2171e0680 Thread exited: 0x000001c2171e0680


Dynamic libraries:
0x00007ff6dbf60000 - 0x00007ff6dbf6e000 	c:\Users\Lenovo\.vscode\extensions\redhat.java-1.53.0-win32-x64\jre\21.0.10-win32-x86_64\bin\java.exe
0x00007ff8acaa0000 - 0x00007ff8acd07000 	C:\WINDOWS\SYSTEM32\ntdll.dll
0x00007ff8ac1c0000 - 0x00007ff8ac289000 	C:\WINDOWS\System32\KERNEL32.DLL
0x00007ff8a9630000 - 0x00007ff8a9a24000 	C:\WINDOWS\System32\KERNELBASE.dll
0x00007ff8a94b0000 - 0x00007ff8a95fb000 	C:\WINDOWS\System32\ucrtbase.dll
0x00007ff88bd90000 - 0x00007ff88bda8000 	c:\Users\Lenovo\.vscode\extensions\redhat.java-1.53.0-win32-x64\jre\21.0.10-win32-x86_64\bin\jli.dll
0x00007ff888fb0000 - 0x00007ff888fce000 	c:\Users\Lenovo\.vscode\extensions\redhat.java-1.53.0-win32-x64\jre\21.0.10-win32-x86_64\bin\VCRUNTIME140.dll
0x00007ff8ac470000 - 0x00007ff8ac635000 	C:\WINDOWS\System32\USER32.dll
0x00007ff8a9600000 - 0x00007ff8a9627000 	C:\WINDOWS\System32\win32u.dll
0x00007ff8aca30000 - 0x00007ff8aca5b000 	C:\WINDOWS\System32\GDI32.dll
0x00007ff8a9e90000 - 0x00007ff8a9fba000 	C:\WINDOWS\System32\gdi32full.dll
0x00007ff8a9af0000 - 0x00007ff8a9b93000 	C:\WINDOWS\System32\msvcp_win.dll
0x00007ff882850000 - 0x00007ff882ae3000 	C:\WINDOWS\WinSxS\amd64_microsoft.windows.common-controls_6595b64144ccf1df_6.0.26100.8115_none_3e075c82e3354f9c\COMCTL32.dll
0x00007ff8abf20000 - 0x00007ff8abfc9000 	C:\WINDOWS\System32\msvcrt.dll
0x00007ff8ac790000 - 0x00007ff8ac7c2000 	C:\WINDOWS\System32\IMM32.DLL
0x00007ff88bf40000 - 0x00007ff88bf4c000 	c:\Users\Lenovo\.vscode\extensions\redhat.java-1.53.0-win32-x64\jre\21.0.10-win32-x86_64\bin\vcruntime140_1.dll
0x00007ff86f7a0000 - 0x00007ff86f82d000 	c:\Users\Lenovo\.vscode\extensions\redhat.java-1.53.0-win32-x64\jre\21.0.10-win32-x86_64\bin\msvcp140.dll
0x00007ff81c200000 - 0x00007ff81cfa1000 	c:\Users\Lenovo\.vscode\extensions\redhat.java-1.53.0-win32-x64\jre\21.0.10-win32-x86_64\bin\server\jvm.dll
0x00007ff8ac970000 - 0x00007ff8aca26000 	C:\WINDOWS\System32\ADVAPI32.dll
0x00007ff8ac0d0000 - 0x00007ff8ac177000 	C:\WINDOWS\System32\sechost.dll
0x00007ff8abd70000 - 0x00007ff8abe88000 	C:\WINDOWS\System32\RPCRT4.dll
0x00007ff8ac640000 - 0x00007ff8ac6c0000 	C:\WINDOWS\System32\WS2_32.dll
0x00007ff8a91d0000 - 0x00007ff8a922e000 	C:\WINDOWS\SYSTEM32\POWRPROF.dll
0x00007ff8a00f0000 - 0x00007ff8a0126000 	C:\WINDOWS\SYSTEM32\WINMM.dll
0x00007ff899ac0000 - 0x00007ff899acb000 	C:\WINDOWS\SYSTEM32\VERSION.dll
0x00007ff8a91b0000 - 0x00007ff8a91c4000 	C:\WINDOWS\SYSTEM32\UMPDC.dll
0x00007ff8a80d0000 - 0x00007ff8a80eb000 	C:\WINDOWS\SYSTEM32\kernel.appcore.dll
0x00007ff888f20000 - 0x00007ff888f2a000 	c:\Users\Lenovo\.vscode\extensions\redhat.java-1.53.0-win32-x64\jre\21.0.10-win32-x86_64\bin\jimage.dll
0x00007ff8a6cb0000 - 0x00007ff8a6ef2000 	C:\WINDOWS\SYSTEM32\DBGHELP.DLL
0x00007ff8aaea0000 - 0x00007ff8ab222000 	C:\WINDOWS\System32\combase.dll
0x00007ff8abb90000 - 0x00007ff8abc67000 	C:\WINDOWS\System32\OLEAUT32.dll
0x00007ff896c50000 - 0x00007ff896c8b000 	C:\WINDOWS\SYSTEM32\dbgcore.DLL
0x00007ff8a9370000 - 0x00007ff8a9415000 	C:\WINDOWS\System32\bcryptPrimitives.dll
0x00007ff888f10000 - 0x00007ff888f1f000 	c:\Users\Lenovo\.vscode\extensions\redhat.java-1.53.0-win32-x64\jre\21.0.10-win32-x86_64\bin\instrument.dll
0x00007ff8845f0000 - 0x00007ff884610000 	c:\Users\Lenovo\.vscode\extensions\redhat.java-1.53.0-win32-x64\jre\21.0.10-win32-x86_64\bin\java.dll
0x00007ff8ab360000 - 0x00007ff8abac6000 	C:\WINDOWS\System32\SHELL32.dll
0x00007ff8a9ba0000 - 0x00007ff8a9d0a000 	C:\WINDOWS\System32\wintypes.dll
0x00007ff8a9fc0000 - 0x00007ff8aa825000 	C:\WINDOWS\System32\windows.storage.dll
0x00007ff8abc70000 - 0x00007ff8abd67000 	C:\WINDOWS\System32\SHCORE.dll
0x00007ff8abfd0000 - 0x00007ff8ac036000 	C:\WINDOWS\System32\shlwapi.dll
0x00007ff8a9290000 - 0x00007ff8a92b9000 	C:\WINDOWS\SYSTEM32\profapi.dll
0x00007ff88bf70000 - 0x00007ff88bf88000 	c:\Users\Lenovo\.vscode\extensions\redhat.java-1.53.0-win32-x64\jre\21.0.10-win32-x86_64\bin\zip.dll
0x00007ff888f50000 - 0x00007ff888f60000 	C:\Users\Lenovo\.vscode\extensions\redhat.java-1.53.0-win32-x64\jre\21.0.10-win32-x86_64\bin\net.dll
0x00007ff8a29a0000 - 0x00007ff8a2acd000 	C:\WINDOWS\SYSTEM32\WINHTTP.dll
0x00007ff8a8620000 - 0x00007ff8a868c000 	C:\WINDOWS\system32\mswsock.dll
0x00007ff888f30000 - 0x00007ff888f46000 	C:\Users\Lenovo\.vscode\extensions\redhat.java-1.53.0-win32-x64\jre\21.0.10-win32-x86_64\bin\nio.dll
0x00007ff884660000 - 0x00007ff884670000 	c:\Users\Lenovo\.vscode\extensions\redhat.java-1.53.0-win32-x64\jre\21.0.10-win32-x86_64\bin\verify.dll
0x00007ff86f9c0000 - 0x00007ff86fa05000 	C:\Users\Lenovo\AppData\Roaming\Code\User\globalStorage\redhat.java\1.53.0\config_win\org.eclipse.equinox.launcher\org.eclipse.equinox.launcher.win32.win32.x86_64_1.3.0.v20260203-2149\eclipse_11919.dll
0x00007ff8ac7d0000 - 0x00007ff8ac967000 	C:\WINDOWS\System32\ole32.dll
0x00007ff8a8950000 - 0x00007ff8a896b000 	C:\WINDOWS\SYSTEM32\CRYPTSP.dll
0x00007ff8a8030000 - 0x00007ff8a8069000 	C:\WINDOWS\system32\rsaenh.dll
0x00007ff8a86e0000 - 0x00007ff8a8713000 	C:\WINDOWS\SYSTEM32\USERENV.dll
0x00007ff8a9260000 - 0x00007ff8a928a000 	C:\WINDOWS\SYSTEM32\bcrypt.dll
0x00007ff8a8970000 - 0x00007ff8a897c000 	C:\WINDOWS\SYSTEM32\CRYPTBASE.dll
0x00007ff8a7bf0000 - 0x00007ff8a7c22000 	C:\WINDOWS\SYSTEM32\IPHLPAPI.DLL
0x00007ff8abb20000 - 0x00007ff8abb2a000 	C:\WINDOWS\System32\NSI.dll
0x00007ff86f920000 - 0x00007ff86f969000 	C:\Users\Lenovo\AppData\Local\Temp\jna--2022488749\jna16286747623252420429.dll
0x00007ff8abe90000 - 0x00007ff8abe98000 	C:\WINDOWS\System32\PSAPI.DLL
0x00007ff8a2b00000 - 0x00007ff8a2b1d000 	C:\WINDOWS\SYSTEM32\dhcpcsvc6.DLL
0x00007ff8a2ad0000 - 0x00007ff8a2af5000 	C:\WINDOWS\SYSTEM32\dhcpcsvc.DLL
0x00007ff8a81f0000 - 0x00007ff8a8226000 	C:\WINDOWS\SYSTEM32\ntmarta.dll

JVMTI agents:
c:\Users\Lenovo\.vscode\extensions\redhat.java-1.53.0-win32-x64\lombok\lombok-1.18.39-4050.jar path:c:\Users\Lenovo\.vscode\extensions\redhat.java-1.53.0-win32-x64\jre\21.0.10-win32-x86_64\bin\instrument.dll, loaded, initialized, instrumentlib options:none

dbghelp: loaded successfully - version: 4.0.5 - missing functions: none
symbol engine: initialized successfully - sym options: 0x614 - pdb path: .;c:\Users\Lenovo\.vscode\extensions\redhat.java-1.53.0-win32-x64\jre\21.0.10-win32-x86_64\bin;C:\WINDOWS\SYSTEM32;C:\WINDOWS\WinSxS\amd64_microsoft.windows.common-controls_6595b64144ccf1df_6.0.26100.8115_none_3e075c82e3354f9c;c:\Users\Lenovo\.vscode\extensions\redhat.java-1.53.0-win32-x64\jre\21.0.10-win32-x86_64\bin\server;C:\Users\Lenovo\AppData\Roaming\Code\User\globalStorage\redhat.java\1.53.0\config_win\org.eclipse.equinox.launcher\org.eclipse.equinox.launcher.win32.win32.x86_64_1.3.0.v20260203-2149;C:\Users\Lenovo\AppData\Local\Temp\jna--2022488749

VM Arguments:
jvm_args: --add-modules=ALL-SYSTEM --add-opens=java.base/java.util=ALL-UNNAMED --add-opens=java.base/java.lang=ALL-UNNAMED --add-opens=java.base/sun.nio.fs=ALL-UNNAMED -Declipse.application=org.eclipse.jdt.ls.core.id1 -Dosgi.bundles.defaultStartLevel=4 -Declipse.product=org.eclipse.jdt.ls.core.product -Djava.import.generatesMetadataFilesAtProjectRoot=false -DDetectVMInstallationsJob.disabled=true -Dfile.encoding=utf8 -XX:+UseParallelGC -XX:GCTimeRatio=4 -XX:AdaptiveSizePolicyWeight=90 -Dsun.zip.disableMemoryMapping=true -Xmx2G -Xms100m -Xlog:disable -javaagent:c:\Users\Lenovo\.vscode\extensions\redhat.java-1.53.0-win32-x64\lombok\lombok-1.18.39-4050.jar -XX:+HeapDumpOnOutOfMemoryError -XX:HeapDumpPath=c:\Users\Lenovo\AppData\Roaming\Code\User\workspaceStorage\bc6eb85e13de13a72f0cc5b9c9a44b84\redhat.java -Daether.dependencyCollector.impl=bf 
java_command: c:\Users\Lenovo\.vscode\extensions\redhat.java-1.53.0-win32-x64\server\plugins\org.eclipse.equinox.launcher_1.7.100.v20251111-0406.jar -configuration c:\Users\Lenovo\AppData\Roaming\Code\User\globalStorage\redhat.java\1.53.0\config_win -data c:\Users\Lenovo\AppData\Roaming\Code\User\workspaceStorage\bc6eb85e13de13a72f0cc5b9c9a44b84\redhat.java\jdt_ws --pipe=\\.\pipe\lsp-fb757de5857684219bca816ee7de9251-sock
java_class_path (initial): c:\Users\Lenovo\.vscode\extensions\redhat.java-1.53.0-win32-x64\server\plugins\org.eclipse.equinox.launcher_1.7.100.v20251111-0406.jar
Launcher Type: SUN_STANDARD

[Global flags]
    uintx AdaptiveSizePolicyWeight                 = 90                                        {product} {command line}
     intx CICompilerCount                          = 4                                         {product} {ergonomic}
    uintx GCTimeRatio                              = 4                                         {product} {command line}
     bool HeapDumpOnOutOfMemoryError               = true                                   {manageable} {command line}
    ccstr HeapDumpPath                             = c:\Users\Lenovo\AppData\Roaming\Code\User\workspaceStorage\bc6eb85e13de13a72f0cc5b9c9a44b84\redhat.java         {manageable} {command line}
   size_t InitialHeapSize                          = 104857600                                 {product} {command line}
   size_t MaxHeapSize                              = 2147483648                                {product} {command line}
   size_t MaxNewSize                               = 715653120                                 {product} {ergonomic}
   size_t MinHeapDeltaBytes                        = 524288                                    {product} {ergonomic}
   size_t MinHeapSize                              = 104857600                                 {product} {command line}
   size_t NewSize                                  = 34603008                                  {product} {ergonomic}
    uintx NonNMethodCodeHeapSize                   = 5839372                                {pd product} {ergonomic}
    uintx NonProfiledCodeHeapSize                  = 122909434                              {pd product} {ergonomic}
   size_t OldSize                                  = 70254592                                  {product} {ergonomic}
    uintx ProfiledCodeHeapSize                     = 122909434                              {pd product} {ergonomic}
    uintx ReservedCodeCacheSize                    = 251658240                              {pd product} {ergonomic}
     bool SegmentedCodeCache                       = true                                      {product} {ergonomic}
   size_t SoftMaxHeapSize                          = 2147483648                             {manageable} {ergonomic}
     bool UseCompressedOops                        = true                           {product lp64_product} {ergonomic}
     bool UseLargePagesIndividualAllocation        = false                                  {pd product} {ergonomic}
     bool UseParallelGC                            = true                                      {product} {command line}

Logging:
Log output configuration:
 #0: stdout all=off uptime,level,tags foldmultilines=false
 #1: stderr all=off uptime,level,tags foldmultilines=false

Release file:
JAVA_VERSION="21.0.10" 
MODULES="java.base java.compiler java.datatransfer java.xml java.prefs java.desktop java.instrument java.logging java.management java.security.sasl java.naming java.rmi java.management.rmi java.net.http java.scripting java.security.jgss java.transaction.xa java.sql java.sql.rowset java.xml.crypto java.se java.smartcardio jdk.accessibility jdk.internal.jvmstat jdk.attach jdk.charsets jdk.internal.opt jdk.zipfs jdk.compiler jdk.crypto.ec jdk.crypto.cryptoki jdk.crypto.mscapi jdk.dynalink jdk.internal.ed jdk.editpad jdk.hotspot.agent jdk.httpserver jdk.internal.le jdk.internal.vm.ci jdk.internal.vm.compiler jdk.internal.vm.compiler.management jdk.jartool jdk.javadoc jdk.jcmd jdk.management jdk.management.agent jdk.jconsole jdk.jdeps jdk.jdwp.agent jdk.jdi jdk.jfr jdk.jshell jdk.jsobject jdk.jstatd jdk.localedata jdk.management.jfr jdk.naming.dns jdk.naming.rmi jdk.net jdk.nio.mapmode jdk.random jdk.sctp jdk.security.auth jdk.security.jgss jdk.unsupported jdk.unsupported.desktop jdk.xml.dom" 

Environment Variables:
JAVA_HOME= C:\Program Files\Java\jdk-21.0.10
PATH=C:\Program Files\Google\Chrome\Application;C:\Python313\Scripts\;C:\Python313\;C:\Program Files\Microsoft MPI\Bin\;C:\Windows\system32;C:\Windows;C:\Windows\System32\Wbem;C:\Windows\System32\WindowsPowerShell\v1.0\;C:\Windows\System32\OpenSSH\;C:\Program Files (x86)\NVIDIA Corporation\PhysX\Common;C:\Program Files\dotnet\;C:\Program Files\CodeBlocks\MinGW\bin;C:\WINDOWS\system32;C:\WINDOWS;C:\WINDOWS\System32\Wbem;C:\WINDOWS\System32\WindowsPowerShell\v1.0\;C:\WINDOWS\System32\OpenSSH\;C:\Program Files\NVIDIA Corporation\NVIDIA NvDLISR;C:\WINDOWS\system32;C:\WINDOWS;C:\WINDOWS\System32\Wbem;C:\WINDOWS\System32\WindowsPowerShell\v1.0\;C:\WINDOWS\System32\OpenSSH\;C:\Program Files\Microsoft SQL Server\150\Tools\Binn\;C:\Program Files\Microsoft SQL Server\Client SDK\ODBC\170\Tools\Binn\;C:\Program Files\Git\cmd;C:\Program Files (x86)\Microsoft SQL Server\160\Tools\Binn\;C:\Program Files\Microsoft SQL Server\160\Tools\Binn\;C:\Program Files\Microsoft SQL Server\160\DTS\Binn\;D:\Xamp\php;C:\Program Files\nodejs\;C:\ProgramData\chocolatey\bin;C:\ProgramData\ComposerSetup\bin;C:\MinGW\bin;C:\Program Files\Docker\Docker\resources\bin; C:\Program Files\Java\jdk-21.0.10\bin;C:\Users\Lenovo\AppData\Local\Microsoft\WindowsApps;C:\intelFPGA\17.0\modelsim_ase\win32aloem;C:\Program Files (x86)\Inno Setup 6;C:\Users\Lenovo\AppData\Roaming\npm;C:\Users\Lenovo\AppData\Roaming\Composer\vendor\bin;C:\Program Files (x86)\GnuWin32\bin;C:\MinGW\bin
USERNAME=Lenovo
OS=Windows_NT
PROCESSOR_IDENTIFIER=Intel64 Family 6 Model 140 Stepping 1, GenuineIntel
TMP=C:\Users\Lenovo\AppData\Local\Temp
TEMP=C:\Users\Lenovo\AppData\Local\Temp




Periodic native trim disabled

---------------  S Y S T E M  ---------------

OS:
 Windows 11 , 64 bit Build 26100 (10.0.26100.8115)
OS uptime: 0 days 0:38 hours
Hyper-V role detected

CPU: total 8 (initial active 8) (4 cores per cpu, 2 threads per core) family 6 model 140 stepping 1 microcode 0xba, cx8, cmov, fxsr, ht, mmx, 3dnowpref, sse, sse2, sse3, ssse3, sse4.1, sse4.2, popcnt, lzcnt, tsc, tscinvbit, avx, avx2, aes, erms, clmul, bmi1, bmi2, adx, avx512f, avx512dq, avx512cd, avx512bw, avx512vl, sha, fma, vzeroupper, avx512_vpopcntdq, avx512_vpclmulqdq, avx512_vaes, avx512_vnni, clflush, clflushopt, clwb, avx512_vbmi2, avx512_vbmi, hv, rdtscp, rdpid, fsrm, gfni, avx512_bitalg, f16c, cet_ibt, cet_ss, avx512_ifma
Processor Information for processor 0
  Max Mhz: 2419, Current Mhz: 2217, Mhz Limit: 2419
Processor Information for processor 1
  Max Mhz: 2419, Current Mhz: 2419, Mhz Limit: 2419
Processor Information for processor 2
  Max Mhz: 2419, Current Mhz: 2217, Mhz Limit: 2419
Processor Information for processor 3
  Max Mhz: 2419, Current Mhz: 2419, Mhz Limit: 2419
Processor Information for processor 4
  Max Mhz: 2419, Current Mhz: 2217, Mhz Limit: 2419
Processor Information for processor 5
  Max Mhz: 2419, Current Mhz: 604, Mhz Limit: 2419
Processor Information for processor 6
  Max Mhz: 2419, Current Mhz: 2419, Mhz Limit: 2419
Processor Information for processor 7
  Max Mhz: 2419, Current Mhz: 604, Mhz Limit: 2419

Memory: 4k page, system-wide physical 7975M (652M free)
TotalPageFile size 16972M (AvailPageFile size 4M)
current process WorkingSet (physical memory assigned to process): 11M, peak: 492M
current process commit charge ("private bytes"): 570M, peak: 576M

vm_info: OpenJDK 64-Bit Server VM (21.0.10+7-LTS) for windows-amd64 JRE (21.0.10+7-LTS), built on 2026-01-20T00:00:00Z by "admin" with MS VC++ 17.12 (VS2022)

END.
